Log file open, 04/19/22 10:54:27
LogWindows: Failed to load 'aqProf.dll' (GetLastError=126)
LogWindows: File 'aqProf.dll' does not exist
LogWindows: Failed to load 'VtuneApi.dll' (GetLastError=126)
LogWindows: File 'VtuneApi.dll' does not exist
LogWindows: Failed to load 'VtuneApi32e.dll' (GetLastError=126)
LogWindows: File 'VtuneApi32e.dll' does not exist
LogConsoleResponse: Display: Failed to find resolution value strings in scalability ini. Falling back to default.
LogConsoleResponse: Display: Failed to find resolution value strings in scalability ini. Falling back to default.
LogInit: Display: Running engine for game: PigeonGame
LogPlatformFile: Not using cached read wrapper
LogTaskGraph: Started task graph with 5 named threads and 47 total threads with 3 sets of task threads.
LogStats: Stats thread started at 0.227041
LogICUInternationalization: ICU TimeZone Detection - Raw Offset: +1:00, Platform Override: ''
LogInit: Display: Loading text-based GConfig....
LogPluginManager: Mounting plugin MeshPainting
LogPluginManager: Mounting plugin XGEController
LogPluginManager: Mounting plugin EnvironmentQueryEditor
LogPluginManager: Mounting plugin Paper2D
LogPluginManager: Mounting plugin AISupport
LogPluginManager: Mounting plugin LiveLink
LogPluginManager: Mounting plugin OodleData
LogPluginManager: Mounting plugin OodleNetwork
LogPluginManager: Mounting plugin CameraShakePreviewer
LogPluginManager: Mounting plugin DatasmithContent
LogPluginManager: Mounting plugin GameplayCameras
LogPluginManager: Mounting plugin LightPropagationVolume
LogPluginManager: Mounting plugin VariantManagerContent
LogPluginManager: Mounting plugin AnimationSharing
LogPluginManager: Mounting plugin KDevelopSourceCodeAccess
LogPluginManager: Mounting plugin CodeLiteSourceCodeAccess
LogPluginManager: Mounting plugin GitSourceControl
LogPluginManager: Mounting plugin NullSourceCodeAccess
LogPluginManager: Mounting plugin PixWinPlugin
LogPluginManager: Mounting plugin PropertyAccessNode
LogPluginManager: Mounting plugin RiderSourceCodeAccess
LogPluginManager: Mounting plugin CLionSourceCodeAccess
LogPluginManager: Mounting plugin SubversionSourceControl
LogPluginManager: Mounting plugin PluginUtils
LogPluginManager: Mounting plugin VisualStudioSourceCodeAccess
LogPluginManager: Mounting plugin TextureFormatOodle
LogPluginManager: Mounting plugin UObjectPlugin
LogPluginManager: Mounting plugin VisualStudioCodeSourceCodeAccess
LogPluginManager: Mounting plugin XCodeSourceCodeAccess
LogPluginManager: Mounting plugin MagicLeap
LogPluginManager: Mounting plugin PlasticSourceControl
LogPluginManager: Mounting plugin LuminPlatformFeatures
LogPluginManager: Mounting plugin Niagara
LogPluginManager: Mounting plugin MagicLeapMedia
LogPluginManager: Mounting plugin MagicLeapLightEstimation
LogPluginManager: Mounting plugin PerforceSourceControl
LogPluginManager: Mounting plugin MagicLeapPassableWorld
LogPluginManager: Mounting plugin MLSDK
LogPluginManager: Mounting plugin AlembicImporter
LogPluginManager: Mounting plugin AutomationUtils
LogPluginManager: Mounting plugin TcpMessaging
LogPluginManager: Mounting plugin UdpMessaging
LogPluginManager: Mounting plugin ActorSequence
LogPluginManager: Mounting plugin LevelSequenceEditor
LogPluginManager: Mounting plugin OnlineSubsystem
LogPluginManager: Mounting plugin OnlineSubsystemNull
LogPluginManager: Mounting plugin MatineeToLevelSequence
LogPluginManager: Mounting plugin TemplateSequence
LogPluginManager: Mounting plugin OnlineSubsystemUtils
LogPluginManager: Mounting plugin ActorLayerUtilities
LogPluginManager: Mounting plugin AvfMedia
LogPluginManager: Mounting plugin AndroidMedia
LogPluginManager: Mounting plugin LauncherChunkInstaller
LogPluginManager: Mounting plugin ImgMedia
LogPluginManager: Mounting plugin MediaCompositing
LogPluginManager: Mounting plugin MediaPlayerEditor
LogPluginManager: Mounting plugin WebMMedia
LogPluginManager: Mounting plugin AndroidMoviePlayer
LogPluginManager: Mounting plugin WmfMedia
LogPluginManager: Mounting plugin AppleImageUtils
LogPluginManager: Mounting plugin AndroidDeviceProfileSelector
LogPluginManager: Mounting plugin AppleMoviePlayer
LogPluginManager: Mounting plugin AndroidPermission
LogPluginManager: Mounting plugin ArchVisCharacter
LogPluginManager: Mounting plugin AssetTags
LogPluginManager: Mounting plugin AudioCapture
LogPluginManager: Mounting plugin CableComponent
LogPluginManager: Mounting plugin ChunkDownloader
LogPluginManager: Mounting plugin AudioSynesthesia
LogPluginManager: Mounting plugin CustomMeshComponent
LogPluginManager: Mounting plugin EditableMesh
LogPluginManager: Mounting plugin GoogleCloudMessaging
LogPluginManager: Mounting plugin GooglePAD
LogPluginManager: Mounting plugin ExampleDeviceProfileSelector
LogPluginManager: Mounting plugin ScreenshotTools
LogPluginManager: Mounting plugin AssetManagerEditor
LogPluginManager: Mounting plugin BackChannel
LogPluginManager: Mounting plugin ChaosClothEditor
LogPluginManager: Mounting plugin ChaosNiagara
LogPluginManager: Mounting plugin ChaosEditor
LogPluginManager: Mounting plugin ChaosSolverPlugin
LogPluginManager: Mounting plugin CharacterAI
LogPluginManager: Mounting plugin ChaosCloth
LogPluginManager: Mounting plugin CryptoKeys
LogPluginManager: Mounting plugin FacialAnimation
LogPluginManager: Mounting plugin CurveEditorTools
LogPluginManager: Mounting plugin DataValidation
LogPluginManager: Mounting plugin GeometryCollectionPlugin
LogPluginManager: Mounting plugin GameplayTagsEditor
LogPluginManager: Mounting plugin GeometryMode
LogPluginManager: Mounting plugin MacGraphicsSwitching
LogPluginManager: Mounting plugin MaterialAnalyzer
LogPluginManager: Mounting plugin PluginBrowser
LogPluginManager: Mounting plugin MobileLauncherProfileWizard
LogPluginManager: Mounting plugin SpeedTreeImporter
LogPluginManager: Mounting plugin GeometryProcessing
LogPluginManager: Mounting plugin GeometryCache
LogPluginManager: Mounting plugin MotoSynth
LogPluginManager: Mounting plugin OpenImageDenoise
LogPluginManager: Mounting plugin PlanarCut
LogPluginManager: Mounting plugin IOSDeviceProfileSelector
LogPluginManager: Mounting plugin PlatformCrypto
LogPluginManager: Mounting plugin ProxyLODPlugin
LogPluginManager: Mounting plugin PythonScriptPlugin
LogPluginManager: Mounting plugin LinuxDeviceProfileSelector
LogPluginManager: Mounting plugin LocationServicesBPLibrary
LogPluginManager: Mounting plugin MobilePatchingUtils
LogPluginManager: Mounting plugin OpenXR
LogPluginManager: Mounting plugin OpenXREyeTracker
LogPluginManager: Mounting plugin OpenXRHandTracking
LogPluginManager: Mounting plugin SkeletalReduction
LogPluginManager: Mounting plugin Takes
LogPluginManager: Mounting plugin PostSplashScreen
LogPluginManager: Mounting plugin PhysXVehicles
LogPluginManager: Mounting plugin ProceduralMeshComponent
LogPluginManager: Mounting plugin PropertyAccessEditor
LogPluginManager: Mounting plugin RuntimePhysXCooking
LogPluginManager: Mounting plugin SignificanceManager
LogPluginManager: Mounting plugin SoundFields
LogPluginManager: Mounting plugin Synthesis
LogPluginManager: Mounting plugin WebMMoviePlayer
LogPluginManager: Mounting plugin WindowsMoviePlayer
LogPluginManager: Mounting plugin OnlineSubsystemIOS
LogPluginManager: Mounting plugin OnlineSubsystemGooglePlay
LogPluginManager: Mounting plugin ContentBrowserAssetDataSource
LogPluginManager: Mounting plugin ContentBrowserFileDataSource
LogPluginManager: Mounting plugin ContentBrowserClassDataSource
LogPluginManager: Mounting plugin OculusVR
LogPluginManager: Mounting plugin SteamVR
PixWinPlugin: PIX capture plugin failed to initialize! Check that the process is launched from PIX.
LogLuminAPIImpl: Warning: MLSDK not found.  This likely means the MLSDK environment variable is not set.
LogInit: Using libcurl 7.55.1-DEV
LogInit:  - built for x86_64-pc-win32
LogInit:  - supports SSL with OpenSSL/1.1.1
LogInit:  - supports HTTP deflate (compression) using libz 1.2.8
LogInit:  - other features:
LogInit:      CURL_VERSION_SSL
LogInit:      CURL_VERSION_LIBZ
LogInit:      CURL_VERSION_IPV6
LogInit:      CURL_VERSION_ASYNCHDNS
LogInit:      CURL_VERSION_LARGEFILE
LogInit:      CURL_VERSION_IDN
LogInit:  CurlRequestOptions (configurable via config and command line):
LogInit:  - bVerifyPeer = true  - Libcurl will verify peer certificate
LogInit:  - bUseHttpProxy = false  - Libcurl will NOT use HTTP proxy
LogInit:  - bDontReuseConnections = false  - Libcurl will reuse connections
LogInit:  - MaxHostConnections = 16  - Libcurl will limit the number of connections to a host
LogInit:  - LocalHostAddr = Default
LogInit:  - BufferSize = 65536
LogOnline: OSS: Creating online subsystem instance for: NULL
LogInit: WinSock: version 1.1 (2.2), MaxSocks=32767, MaxUdp=65467
LogOnline: OSS: TryLoadSubsystemAndSetDefault: Loaded subsystem for module [NULL]
LogOculusPluginWrapper: OculusPlugin initialized successfully
LogHMD: Failed initializing OVRPlugin 1.59.0
LogInit: Build: ++UE4+Release-4.27-CL-18319896
LogInit: Engine Version: 4.27.2-18319896+++UE4+Release-4.27
LogInit: Compatible Engine Version: 4.27.0-17155196+++UE4+Release-4.27
LogInit: Net CL: 17155196
LogInit: OS: Windows 10 (Release 2009) (), CPU: AMD Ryzen 7 4800H with Radeon Graphics         , GPU: AMD Radeon(TM) Graphics
LogInit: Compiled (64-bit): Nov 30 2021 07:12:08
LogInit: Compiled with Visual C++: 19.24.28315.00
LogInit: Build Configuration: Development
LogInit: Branch Name: ++UE4+Release-4.27
LogInit: Command Line: 
LogInit: Base Directory: C:/UE_4.27/Engine/Binaries/Win64/
LogInit: Allocator: TBB
LogInit: Installed Engine Build: 1
LogDevObjectVersion: Number of dev versions registered: 29
LogDevObjectVersion:   Dev-Blueprints (B0D832E4-1F89-4F0D-ACCF-7EB736FD4AA2): 10
LogDevObjectVersion:   Dev-Build (E1C64328-A22C-4D53-A36C-8E866417BD8C): 0
LogDevObjectVersion:   Dev-Core (375EC13C-06E4-48FB-B500-84F0262A717E): 4
LogDevObjectVersion:   Dev-Editor (E4B068ED-F494-42E9-A231-DA0B2E46BB41): 40
LogDevObjectVersion:   Dev-Framework (CFFC743F-43B0-4480-9391-14DF171D2073): 37
LogDevObjectVersion:   Dev-Mobile (B02B49B5-BB20-44E9-A304-32B752E40360): 3
LogDevObjectVersion:   Dev-Networking (A4E4105C-59A1-49B5-A7C5-40C4547EDFEE): 0
LogDevObjectVersion:   Dev-Online (39C831C9-5AE6-47DC-9A44-9C173E1C8E7C): 0
LogDevObjectVersion:   Dev-Physics (78F01B33-EBEA-4F98-B9B4-84EACCB95AA2): 14
LogDevObjectVersion:   Dev-Platform (6631380F-2D4D-43E0-8009-CF276956A95A): 0
LogDevObjectVersion:   Dev-Rendering (12F88B9F-8875-4AFC-A67C-D90C383ABD29): 45
LogDevObjectVersion:   Dev-Sequencer (7B5AE74C-D270-4C10-A958-57980B212A5A): 13
LogDevObjectVersion:   Dev-VR (D7296918-1DD6-4BDD-9DE2-64A83CC13884): 3
LogDevObjectVersion:   Dev-LoadTimes (C2A15278-BFE7-4AFE-6C17-90FF531DF755): 1
LogDevObjectVersion:   Private-Geometry (6EACA3D4-40EC-4CC1-B786-8BED09428FC5): 3
LogDevObjectVersion:   Dev-AnimPhys (29E575DD-E0A3-4627-9D10-D276232CDCEA): 17
LogDevObjectVersion:   Dev-Anim (AF43A65D-7FD3-4947-9873-3E8ED9C1BB05): 15
LogDevObjectVersion:   Dev-ReflectionCapture (6B266CEC-1EC7-4B8F-A30B-E4D90942FC07): 1
LogDevObjectVersion:   Dev-Automation (0DF73D61-A23F-47EA-B727-89E90C41499A): 1
LogDevObjectVersion:   FortniteMain (601D1886-AC64-4F84-AA16-D3DE0DEAC7D6): 47
LogDevObjectVersion:   FortniteRelease (E7086368-6B23-4C58-8439-1B7016265E91): 1
LogDevObjectVersion:   Dev-Enterprise (9DFFBCD6-494F-0158-E221-12823C92A888): 10
LogDevObjectVersion:   Dev-Niagara (F2AED0AC-9AFE-416F-8664-AA7FFA26D6FC): 1
LogDevObjectVersion:   Dev-Destruction (174F1F0B-B4C6-45A5-B13F-2EE8D0FB917D): 10
LogDevObjectVersion:   Dev-Physics-Ext (35F94A83-E258-406C-A318-09F59610247C): 41
LogDevObjectVersion:   Dev-PhysicsMaterial-Chaos (B68FC16E-8B1B-42E2-B453-215C058844FE): 1
LogDevObjectVersion:   Dev-CineCamera (B2E18506-4273-CFC2-A54E-F4BB758BBA07): 1
LogDevObjectVersion:   Dev-VirtualProduction (64F58936-FD1B-42BA-BA96-7289D5D0FA4E): 1
LogDevObjectVersion:   Dev-MediaFramework (6F0ED827-A609-4895-9C91-998D90180EA4): 2
LogInit: Presizing for max 25165824 objects, including 0 objects not considered by GC, pre-allocating 0 bytes for permanent pool.
LogConfig: Applying CVar settings from Section [/Script/Engine.StreamingSettings] File [C:/GameJams/DAE/GameJam19-04/PigeonGame/Saved/Config/Windows/Engine.ini]
LogConfig: Setting CVar [[s.MinBulkDataSizeForAsyncLoading:131072]]
LogConfig: Setting CVar [[s.AsyncLoadingThreadEnabled:0]]
LogConfig: Setting CVar [[s.EventDrivenLoaderEnabled:1]]
LogConfig: Setting CVar [[s.WarnIfTimeLimitExceeded:0]]
LogConfig: Setting CVar [[s.TimeLimitExceededMultiplier:1.5]]
LogConfig: Setting CVar [[s.TimeLimitExceededMinTime:0.005]]
LogConfig: Setting CVar [[s.UseBackgroundLevelStreaming:1]]
LogConfig: Setting CVar [[s.PriorityAsyncLoadingExtraTime:15.0]]
LogConfig: Setting CVar [[s.LevelStreamingActorsUpdateTimeLimit:5.0]]
LogConfig: Setting CVar [[s.PriorityLevelStreamingActorsUpdateExtraTime:5.0]]
LogConfig: Setting CVar [[s.LevelStreamingComponentsRegistrationGranularity:10]]
LogConfig: Setting CVar [[s.UnregisterComponentsTimeLimit:1.0]]
LogConfig: Setting CVar [[s.LevelStreamingComponentsUnregistrationGranularity:5]]
LogConfig: Setting CVar [[s.FlushStreamingOnExit:1]]
LogInit: Object subsystem initialized
LogConfig: Setting CVar [[con.DebugEarlyDefault:1]]
LogConfig: Setting CVar [[r.setres:1280x720]]
[2022.04.19-08.54.28:370][  0]LogConfig: Setting CVar [[r.VSync:0]]
[2022.04.19-08.54.28:370][  0]LogConfig: Setting CVar [[r.RHICmdBypass:0]]
[2022.04.19-08.54.28:370][  0]LogConfig: Applying CVar settings from Section [/Script/Engine.RendererSettings] File [C:/GameJams/DAE/GameJam19-04/PigeonGame/Saved/Config/Windows/Engine.ini]
[2022.04.19-08.54.28:370][  0]LogConfig: Setting CVar [[r.GPUCrashDebugging:0]]
[2022.04.19-08.54.28:370][  0]LogConfig: Applying CVar settings from Section [/Script/Engine.RendererOverrideSettings] File [C:/GameJams/DAE/GameJam19-04/PigeonGame/Saved/Config/Windows/Engine.ini]
[2022.04.19-08.54.28:370][  0]LogConfig: Applying CVar settings from Section [/Script/Engine.StreamingSettings] File [C:/GameJams/DAE/GameJam19-04/PigeonGame/Saved/Config/Windows/Engine.ini]
[2022.04.19-08.54.28:370][  0]LogConfig: Setting CVar [[s.MinBulkDataSizeForAsyncLoading:131072]]
[2022.04.19-08.54.28:370][  0]LogConfig: Setting CVar [[s.AsyncLoadingThreadEnabled:0]]
[2022.04.19-08.54.28:370][  0]LogConfig: Setting CVar [[s.EventDrivenLoaderEnabled:1]]
[2022.04.19-08.54.28:370][  0]LogConfig: Setting CVar [[s.WarnIfTimeLimitExceeded:0]]
[2022.04.19-08.54.28:370][  0]LogConfig: Setting CVar [[s.TimeLimitExceededMultiplier:1.5]]
[2022.04.19-08.54.28:370][  0]LogConfig: Setting CVar [[s.TimeLimitExceededMinTime:0.005]]
[2022.04.19-08.54.28:370][  0]LogConfig: Setting CVar [[s.UseBackgroundLevelStreaming:1]]
[2022.04.19-08.54.28:370][  0]LogConfig: Setting CVar [[s.PriorityAsyncLoadingExtraTime:15.0]]
[2022.04.19-08.54.28:370][  0]LogConfig: Setting CVar [[s.LevelStreamingActorsUpdateTimeLimit:5.0]]
[2022.04.19-08.54.28:370][  0]LogConfig: Setting CVar [[s.PriorityLevelStreamingActorsUpdateExtraTime:5.0]]
[2022.04.19-08.54.28:370][  0]LogConfig: Setting CVar [[s.LevelStreamingComponentsRegistrationGranularity:10]]
[2022.04.19-08.54.28:370][  0]LogConfig: Setting CVar [[s.UnregisterComponentsTimeLimit:1.0]]
[2022.04.19-08.54.28:370][  0]LogConfig: Setting CVar [[s.LevelStreamingComponentsUnregistrationGranularity:5]]
[2022.04.19-08.54.28:370][  0]LogConfig: Setting CVar [[s.FlushStreamingOnExit:1]]
[2022.04.19-08.54.28:370][  0]LogConfig: Applying CVar settings from Section [/Script/Engine.GarbageCollectionSettings] File [C:/GameJams/DAE/GameJam19-04/PigeonGame/Saved/Config/Windows/Engine.ini]
[2022.04.19-08.54.28:370][  0]LogConfig: Setting CVar [[gc.MaxObjectsNotConsideredByGC:1]]
[2022.04.19-08.54.28:370][  0]LogConfig: Setting CVar [[gc.SizeOfPermanentObjectPool:0]]
[2022.04.19-08.54.28:370][  0]LogConfig: Setting CVar [[gc.FlushStreamingOnGC:0]]
[2022.04.19-08.54.28:370][  0]LogConfig: Setting CVar [[gc.NumRetriesBeforeForcingGC:10]]
[2022.04.19-08.54.28:370][  0]LogConfig: Setting CVar [[gc.AllowParallelGC:1]]
[2022.04.19-08.54.28:370][  0]LogConfig: Setting CVar [[gc.TimeBetweenPurgingPendingKillObjects:61.1]]
[2022.04.19-08.54.28:370][  0]LogConfig: Setting CVar [[gc.MaxObjectsInEditor:25165824]]
[2022.04.19-08.54.28:370][  0]LogConfig: Setting CVar [[gc.IncrementalBeginDestroyEnabled:1]]
[2022.04.19-08.54.28:370][  0]LogConfig: Setting CVar [[gc.CreateGCClusters:1]]
[2022.04.19-08.54.28:370][  0]LogConfig: Setting CVar [[gc.MinGCClusterSize:5]]
[2022.04.19-08.54.28:370][  0]LogConfig: Setting CVar [[gc.ActorClusteringEnabled:0]]
[2022.04.19-08.54.28:370][  0]LogConfig: Setting CVar [[gc.BlueprintClusteringEnabled:0]]
[2022.04.19-08.54.28:370][  0]LogConfig: Setting CVar [[gc.UseDisregardForGCOnDedicatedServers:0]]
[2022.04.19-08.54.28:370][  0]LogConfig: Setting CVar [[gc.MultithreadedDestructionEnabled:1]]
[2022.04.19-08.54.28:370][  0]LogConfig: Applying CVar settings from Section [/Script/Engine.NetworkSettings] File [C:/GameJams/DAE/GameJam19-04/PigeonGame/Saved/Config/Windows/Engine.ini]
[2022.04.19-08.54.28:370][  0]LogConfig: Applying CVar settings from Section [/Script/UnrealEd.CookerSettings] File [C:/GameJams/DAE/GameJam19-04/PigeonGame/Saved/Config/Windows/Engine.ini]
[2022.04.19-08.54.28:375][  0]LogConfig: Applying CVar settings from Section [ViewDistanceQuality@3] File [C:/GameJams/DAE/GameJam19-04/PigeonGame/Saved/Config/Windows/Scalability.ini]
[2022.04.19-08.54.28:375][  0]LogConfig: Setting CVar [[r.SkeletalMeshLODBias:0]]
[2022.04.19-08.54.28:375][  0]LogConfig: Setting CVar [[r.ViewDistanceScale:1.0]]
[2022.04.19-08.54.28:375][  0]LogConfig: Applying CVar settings from Section [AntiAliasingQuality@3] File [C:/GameJams/DAE/GameJam19-04/PigeonGame/Saved/Config/Windows/Scalability.ini]
[2022.04.19-08.54.28:375][  0]LogConfig: Setting CVar [[r.PostProcessAAQuality:4]]
[2022.04.19-08.54.28:375][  0]LogConfig: Applying CVar settings from Section [ShadowQuality@3] File [C:/GameJams/DAE/GameJam19-04/PigeonGame/Saved/Config/Windows/Scalability.ini]
[2022.04.19-08.54.28:375][  0]LogConfig: Setting CVar [[r.LightFunctionQuality:1]]
[2022.04.19-08.54.28:375][  0]LogConfig: Setting CVar [[r.ShadowQuality:5]]
[2022.04.19-08.54.28:375][  0]LogConfig: Setting CVar [[r.Shadow.CSM.MaxCascades:10]]
[2022.04.19-08.54.28:375][  0]LogConfig: Setting CVar [[r.Shadow.MaxResolution:2048]]
[2022.04.19-08.54.28:375][  0]LogConfig: Setting CVar [[r.Shadow.MaxCSMResolution:2048]]
[2022.04.19-08.54.28:375][  0]LogConfig: Setting CVar [[r.Shadow.RadiusThreshold:0.01]]
[2022.04.19-08.54.28:375][  0]LogConfig: Setting CVar [[r.Shadow.DistanceScale:1.0]]
[2022.04.19-08.54.28:375][  0]LogConfig: Setting CVar [[r.Shadow.CSM.TransitionScale:1.0]]
[2022.04.19-08.54.28:375][  0]LogConfig: Setting CVar [[r.Shadow.PreShadowResolutionFactor:1.0]]
[2022.04.19-08.54.28:375][  0]LogConfig: Setting CVar [[r.DistanceFieldShadowing:1]]
[2022.04.19-08.54.28:375][  0]LogConfig: Setting CVar [[r.DistanceFieldAO:1]]
[2022.04.19-08.54.28:375][  0]LogConfig: Setting CVar [[r.AOQuality:2]]
[2022.04.19-08.54.28:375][  0]LogConfig: Setting CVar [[r.VolumetricFog:1]]
[2022.04.19-08.54.28:375][  0]LogConfig: Setting CVar [[r.VolumetricFog.GridPixelSize:8]]
[2022.04.19-08.54.28:375][  0]LogConfig: Setting CVar [[r.VolumetricFog.GridSizeZ:128]]
[2022.04.19-08.54.28:375][  0]LogConfig: Setting CVar [[r.VolumetricFog.HistoryMissSupersampleCount:4]]
[2022.04.19-08.54.28:375][  0]LogConfig: Setting CVar [[r.LightMaxDrawDistanceScale:1]]
[2022.04.19-08.54.28:375][  0]LogConfig: Setting CVar [[r.CapsuleShadows:1]]
[2022.04.19-08.54.28:375][  0]LogConfig: Applying CVar settings from Section [PostProcessQuality@3] File [C:/GameJams/DAE/GameJam19-04/PigeonGame/Saved/Config/Windows/Scalability.ini]
[2022.04.19-08.54.28:375][  0]LogConfig: Setting CVar [[r.MotionBlurQuality:4]]
[2022.04.19-08.54.28:375][  0]LogConfig: Setting CVar [[r.AmbientOcclusionMipLevelFactor:0.4]]
[2022.04.19-08.54.28:375][  0]LogConfig: Setting CVar [[r.AmbientOcclusionMaxQuality:100]]
[2022.04.19-08.54.28:375][  0]LogConfig: Setting CVar [[r.AmbientOcclusionLevels:-1]]
[2022.04.19-08.54.28:375][  0]LogConfig: Setting CVar [[r.AmbientOcclusionRadiusScale:1.0]]
[2022.04.19-08.54.28:375][  0]LogConfig: Setting CVar [[r.DepthOfFieldQuality:2]]
[2022.04.19-08.54.28:375][  0]LogConfig: Setting CVar [[r.RenderTargetPoolMin:400]]
[2022.04.19-08.54.28:375][  0]LogConfig: Setting CVar [[r.LensFlareQuality:2]]
[2022.04.19-08.54.28:375][  0]LogConfig: Setting CVar [[r.SceneColorFringeQuality:1]]
[2022.04.19-08.54.28:375][  0]LogConfig: Setting CVar [[r.EyeAdaptationQuality:2]]
[2022.04.19-08.54.28:375][  0]LogConfig: Setting CVar [[r.BloomQuality:5]]
[2022.04.19-08.54.28:375][  0]LogConfig: Setting CVar [[r.FastBlurThreshold:100]]
[2022.04.19-08.54.28:375][  0]LogConfig: Setting CVar [[r.Upscale.Quality:3]]
[2022.04.19-08.54.28:375][  0]LogConfig: Setting CVar [[r.Tonemapper.GrainQuantization:1]]
[2022.04.19-08.54.28:375][  0]LogConfig: Setting CVar [[r.LightShaftQuality:1]]
[2022.04.19-08.54.28:375][  0]LogConfig: Setting CVar [[r.Filter.SizeScale:1]]
[2022.04.19-08.54.28:375][  0]LogConfig: Setting CVar [[r.Tonemapper.Quality:5]]
[2022.04.19-08.54.28:375][  0]LogConfig: Setting CVar [[r.DOF.Gather.AccumulatorQuality:1        ; higher gathering accumulator quality]]
[2022.04.19-08.54.28:375][  0]LogConfig: Setting CVar [[r.DOF.Gather.PostfilterMethod:1          ; Median3x3 postfilering method]]
[2022.04.19-08.54.28:375][  0]LogConfig: Setting CVar [[r.DOF.Gather.EnableBokehSettings:0       ; no bokeh simulation when gathering]]
[2022.04.19-08.54.28:375][  0]LogConfig: Setting CVar [[r.DOF.Gather.RingCount:4                 ; medium number of samples when gathering]]
[2022.04.19-08.54.28:375][  0]LogConfig: Setting CVar [[r.DOF.Scatter.ForegroundCompositing:1    ; additive foreground scattering]]
[2022.04.19-08.54.28:375][  0]LogConfig: Setting CVar [[r.DOF.Scatter.BackgroundCompositing:2    ; additive background scattering]]
[2022.04.19-08.54.28:375][  0]LogConfig: Setting CVar [[r.DOF.Scatter.EnableBokehSettings:1      ; bokeh simulation when scattering]]
[2022.04.19-08.54.28:375][  0]LogConfig: Setting CVar [[r.DOF.Scatter.MaxSpriteRatio:0.1         ; only a maximum of 10% of scattered bokeh]]
[2022.04.19-08.54.28:375][  0]LogConfig: Setting CVar [[r.DOF.Recombine.Quality:1                ; cheap slight out of focus]]
[2022.04.19-08.54.28:375][  0]LogConfig: Setting CVar [[r.DOF.Recombine.EnableBokehSettings:0    ; no bokeh simulation on slight out of focus]]
[2022.04.19-08.54.28:375][  0]LogConfig: Setting CVar [[r.DOF.TemporalAAQuality:1                ; more stable temporal accumulation]]
[2022.04.19-08.54.28:375][  0]LogConfig: Setting CVar [[r.DOF.Kernel.MaxForegroundRadius:0.025]]
[2022.04.19-08.54.28:375][  0]LogConfig: Setting CVar [[r.DOF.Kernel.MaxBackgroundRadius:0.025]]
[2022.04.19-08.54.28:375][  0]LogConfig: Applying CVar settings from Section [TextureQuality@3] File [C:/GameJams/DAE/GameJam19-04/PigeonGame/Saved/Config/Windows/Scalability.ini]
[2022.04.19-08.54.28:375][  0]LogConfig: Setting CVar [[r.Streaming.MipBias:0]]
[2022.04.19-08.54.28:375][  0]LogConfig: Setting CVar [[r.Streaming.AmortizeCPUToGPUCopy:0]]
[2022.04.19-08.54.28:375][  0]LogConfig: Setting CVar [[r.Streaming.MaxNumTexturesToStreamPerFrame:0]]
[2022.04.19-08.54.28:375][  0]LogConfig: Setting CVar [[r.Streaming.Boost:1]]
[2022.04.19-08.54.28:375][  0]LogConfig: Setting CVar [[r.MaxAnisotropy:8]]
[2022.04.19-08.54.28:375][  0]LogConfig: Setting CVar [[r.VT.MaxAnisotropy:8]]
[2022.04.19-08.54.28:376][  0]LogConfig: Setting CVar [[r.Streaming.LimitPoolSizeToVRAM:0]]
[2022.04.19-08.54.28:376][  0]LogConfig: Setting CVar [[r.Streaming.PoolSize:1000]]
[2022.04.19-08.54.28:376][  0]LogConfig: Setting CVar [[r.Streaming.MaxEffectiveScreenSize:0]]
[2022.04.19-08.54.28:376][  0]LogConfig: Applying CVar settings from Section [EffectsQuality@3] File [C:/GameJams/DAE/GameJam19-04/PigeonGame/Saved/Config/Windows/Scalability.ini]
[2022.04.19-08.54.28:376][  0]LogConfig: Setting CVar [[r.TranslucencyLightingVolumeDim:64]]
[2022.04.19-08.54.28:376][  0]LogConfig: Setting CVar [[r.RefractionQuality:2]]
[2022.04.19-08.54.28:376][  0]LogConfig: Setting CVar [[r.SSR.Quality:3]]
[2022.04.19-08.54.28:376][  0]LogConfig: Setting CVar [[r.SSR.HalfResSceneColor:0]]
[2022.04.19-08.54.28:376][  0]LogConfig: Setting CVar [[r.SceneColorFormat:4]]
[2022.04.19-08.54.28:376][  0]LogConfig: Setting CVar [[r.DetailMode:2]]
[2022.04.19-08.54.28:376][  0]LogConfig: Setting CVar [[r.TranslucencyVolumeBlur:1]]
[2022.04.19-08.54.28:376][  0]LogConfig: Setting CVar [[r.MaterialQualityLevel:1 ; High quality]]
[2022.04.19-08.54.28:376][  0]LogConfig: Setting CVar [[r.AnisotropicMaterials:1]]
[2022.04.19-08.54.28:376][  0]LogConfig: Setting CVar [[r.SSS.Scale:1]]
[2022.04.19-08.54.28:376][  0]LogConfig: Setting CVar [[r.SSS.SampleSet:2]]
[2022.04.19-08.54.28:376][  0]LogConfig: Setting CVar [[r.SSS.Quality:1]]
[2022.04.19-08.54.28:376][  0]LogConfig: Setting CVar [[r.SSS.HalfRes:0]]
[2022.04.19-08.54.28:376][  0]LogConfig: Setting CVar [[r.SSGI.Quality:3]]
[2022.04.19-08.54.28:376][  0]LogConfig: Setting CVar [[r.EmitterSpawnRateScale:1.0]]
[2022.04.19-08.54.28:376][  0]LogConfig: Setting CVar [[r.ParticleLightQuality:2]]
[2022.04.19-08.54.28:376][  0]LogConfig: Setting CVar [[r.SkyAtmosphere.AerialPerspectiveLUT.FastApplyOnOpaque:1 ; Always have FastSkyLUT 1 in this case to avoid wrong sky]]
[2022.04.19-08.54.28:376][  0]LogConfig: Setting CVar [[r.SkyAtmosphere.AerialPerspectiveLUT.SampleCountMaxPerSlice:4]]
[2022.04.19-08.54.28:376][  0]LogConfig: Setting CVar [[r.SkyAtmosphere.AerialPerspectiveLUT.DepthResolution:16.0]]
[2022.04.19-08.54.28:376][  0]LogConfig: Setting CVar [[r.SkyAtmosphere.FastSkyLUT:1]]
[2022.04.19-08.54.28:376][  0]LogConfig: Setting CVar [[r.SkyAtmosphere.FastSkyLUT.SampleCountMin:4.0]]
[2022.04.19-08.54.28:376][  0]LogConfig: Setting CVar [[r.SkyAtmosphere.FastSkyLUT.SampleCountMax:128.0]]
[2022.04.19-08.54.28:376][  0]LogConfig: Setting CVar [[r.SkyAtmosphere.SampleCountMin:4.0]]
[2022.04.19-08.54.28:376][  0]LogConfig: Setting CVar [[r.SkyAtmosphere.SampleCountMax:128.0]]
[2022.04.19-08.54.28:376][  0]LogConfig: Setting CVar [[r.SkyAtmosphere.TransmittanceLUT.UseSmallFormat:0]]
[2022.04.19-08.54.28:376][  0]LogConfig: Setting CVar [[r.SkyAtmosphere.TransmittanceLUT.SampleCount:10.0]]
[2022.04.19-08.54.28:376][  0]LogConfig: Setting CVar [[r.SkyAtmosphere.MultiScatteringLUT.SampleCount:15.0]]
[2022.04.19-08.54.28:376][  0]LogConfig: Setting CVar [[r.SkyLight.RealTimeReflectionCapture:1]]
[2022.04.19-08.54.28:376][  0]LogConfig: Applying CVar settings from Section [FoliageQuality@3] File [C:/GameJams/DAE/GameJam19-04/PigeonGame/Saved/Config/Windows/Scalability.ini]
[2022.04.19-08.54.28:376][  0]LogConfig: Setting CVar [[foliage.DensityScale:1.0]]
[2022.04.19-08.54.28:376][  0]LogConfig: Setting CVar [[grass.DensityScale:1.0]]
[2022.04.19-08.54.28:376][  0]LogConfig: Applying CVar settings from Section [ShadingQuality@3] File [C:/GameJams/DAE/GameJam19-04/PigeonGame/Saved/Config/Windows/Scalability.ini]
[2022.04.19-08.54.28:376][  0]LogConfig: Setting CVar [[r.HairStrands.SkyLighting.IntegrationType:2]]
[2022.04.19-08.54.28:376][  0]LogConfig: Setting CVar [[r.HairStrands.SkyAO.SampleCount:4]]
[2022.04.19-08.54.28:376][  0]LogConfig: Setting CVar [[r.HairStrands.Visibility.MSAA.SamplePerPixel:4]]
[2022.04.19-08.54.28:376][  0]LogInit: Selected Device Profile: [Windows]
[2022.04.19-08.54.28:376][  0]LogInit: Applying CVar settings loaded from the selected device profile: [Windows]
[2022.04.19-08.54.28:376][  0]LogHAL: Display: Platform has ~ 16 GB [16495398912 / 17179869184 / 16], which maps to Larger [LargestMinGB=32, LargerMinGB=12, DefaultMinGB=8, SmallerMinGB=6, SmallestMinGB=0)
[2022.04.19-08.54.28:376][  0]LogInit: Going up to parent DeviceProfile []
[2022.04.19-08.54.28:376][  0]LogConfig: Applying CVar settings from Section [ViewDistanceQuality@3] File [C:/GameJams/DAE/GameJam19-04/PigeonGame/Saved/Config/Windows/Scalability.ini]
[2022.04.19-08.54.28:376][  0]LogConfig: Setting CVar [[r.SkeletalMeshLODBias:0]]
[2022.04.19-08.54.28:376][  0]LogConfig: Setting CVar [[r.ViewDistanceScale:1.0]]
[2022.04.19-08.54.28:376][  0]LogConfig: Applying CVar settings from Section [AntiAliasingQuality@3] File [C:/GameJams/DAE/GameJam19-04/PigeonGame/Saved/Config/Windows/Scalability.ini]
[2022.04.19-08.54.28:376][  0]LogConfig: Setting CVar [[r.PostProcessAAQuality:4]]
[2022.04.19-08.54.28:376][  0]LogConfig: Applying CVar settings from Section [ShadowQuality@3] File [C:/GameJams/DAE/GameJam19-04/PigeonGame/Saved/Config/Windows/Scalability.ini]
[2022.04.19-08.54.28:376][  0]LogConfig: Setting CVar [[r.LightFunctionQuality:1]]
[2022.04.19-08.54.28:376][  0]LogConfig: Setting CVar [[r.ShadowQuality:5]]
[2022.04.19-08.54.28:376][  0]LogConfig: Setting CVar [[r.Shadow.CSM.MaxCascades:10]]
[2022.04.19-08.54.28:376][  0]LogConfig: Setting CVar [[r.Shadow.MaxResolution:2048]]
[2022.04.19-08.54.28:376][  0]LogConfig: Setting CVar [[r.Shadow.MaxCSMResolution:2048]]
[2022.04.19-08.54.28:376][  0]LogConfig: Setting CVar [[r.Shadow.RadiusThreshold:0.01]]
[2022.04.19-08.54.28:376][  0]LogConfig: Setting CVar [[r.Shadow.DistanceScale:1.0]]
[2022.04.19-08.54.28:376][  0]LogConfig: Setting CVar [[r.Shadow.CSM.TransitionScale:1.0]]
[2022.04.19-08.54.28:376][  0]LogConfig: Setting CVar [[r.Shadow.PreShadowResolutionFactor:1.0]]
[2022.04.19-08.54.28:376][  0]LogConfig: Setting CVar [[r.DistanceFieldShadowing:1]]
[2022.04.19-08.54.28:376][  0]LogConfig: Setting CVar [[r.DistanceFieldAO:1]]
[2022.04.19-08.54.28:376][  0]LogConfig: Setting CVar [[r.AOQuality:2]]
[2022.04.19-08.54.28:376][  0]LogConfig: Setting CVar [[r.VolumetricFog:1]]
[2022.04.19-08.54.28:376][  0]LogConfig: Setting CVar [[r.VolumetricFog.GridPixelSize:8]]
[2022.04.19-08.54.28:376][  0]LogConfig: Setting CVar [[r.VolumetricFog.GridSizeZ:128]]
[2022.04.19-08.54.28:376][  0]LogConfig: Setting CVar [[r.VolumetricFog.HistoryMissSupersampleCount:4]]
[2022.04.19-08.54.28:376][  0]LogConfig: Setting CVar [[r.LightMaxDrawDistanceScale:1]]
[2022.04.19-08.54.28:376][  0]LogConfig: Setting CVar [[r.CapsuleShadows:1]]
[2022.04.19-08.54.28:376][  0]LogConfig: Applying CVar settings from Section [PostProcessQuality@3] File [C:/GameJams/DAE/GameJam19-04/PigeonGame/Saved/Config/Windows/Scalability.ini]
[2022.04.19-08.54.28:376][  0]LogConfig: Setting CVar [[r.MotionBlurQuality:4]]
[2022.04.19-08.54.28:376][  0]LogConfig: Setting CVar [[r.AmbientOcclusionMipLevelFactor:0.4]]
[2022.04.19-08.54.28:376][  0]LogConfig: Setting CVar [[r.AmbientOcclusionMaxQuality:100]]
[2022.04.19-08.54.28:376][  0]LogConfig: Setting CVar [[r.AmbientOcclusionLevels:-1]]
[2022.04.19-08.54.28:376][  0]LogConfig: Setting CVar [[r.AmbientOcclusionRadiusScale:1.0]]
[2022.04.19-08.54.28:376][  0]LogConfig: Setting CVar [[r.DepthOfFieldQuality:2]]
[2022.04.19-08.54.28:376][  0]LogConfig: Setting CVar [[r.RenderTargetPoolMin:400]]
[2022.04.19-08.54.28:376][  0]LogConfig: Setting CVar [[r.LensFlareQuality:2]]
[2022.04.19-08.54.28:376][  0]LogConfig: Setting CVar [[r.SceneColorFringeQuality:1]]
[2022.04.19-08.54.28:376][  0]LogConfig: Setting CVar [[r.EyeAdaptationQuality:2]]
[2022.04.19-08.54.28:376][  0]LogConfig: Setting CVar [[r.BloomQuality:5]]
[2022.04.19-08.54.28:376][  0]LogConfig: Setting CVar [[r.FastBlurThreshold:100]]
[2022.04.19-08.54.28:376][  0]LogConfig: Setting CVar [[r.Upscale.Quality:3]]
[2022.04.19-08.54.28:376][  0]LogConfig: Setting CVar [[r.Tonemapper.GrainQuantization:1]]
[2022.04.19-08.54.28:376][  0]LogConfig: Setting CVar [[r.LightShaftQuality:1]]
[2022.04.19-08.54.28:376][  0]LogConfig: Setting CVar [[r.Filter.SizeScale:1]]
[2022.04.19-08.54.28:376][  0]LogConfig: Setting CVar [[r.Tonemapper.Quality:5]]
[2022.04.19-08.54.28:376][  0]LogConfig: Setting CVar [[r.DOF.Gather.AccumulatorQuality:1        ; higher gathering accumulator quality]]
[2022.04.19-08.54.28:376][  0]LogConfig: Setting CVar [[r.DOF.Gather.PostfilterMethod:1          ; Median3x3 postfilering method]]
[2022.04.19-08.54.28:376][  0]LogConfig: Setting CVar [[r.DOF.Gather.EnableBokehSettings:0       ; no bokeh simulation when gathering]]
[2022.04.19-08.54.28:376][  0]LogConfig: Setting CVar [[r.DOF.Gather.RingCount:4                 ; medium number of samples when gathering]]
[2022.04.19-08.54.28:376][  0]LogConfig: Setting CVar [[r.DOF.Scatter.ForegroundCompositing:1    ; additive foreground scattering]]
[2022.04.19-08.54.28:377][  0]LogConfig: Setting CVar [[r.DOF.Scatter.BackgroundCompositing:2    ; additive background scattering]]
[2022.04.19-08.54.28:377][  0]LogConfig: Setting CVar [[r.DOF.Scatter.EnableBokehSettings:1      ; bokeh simulation when scattering]]
[2022.04.19-08.54.28:377][  0]LogConfig: Setting CVar [[r.DOF.Scatter.MaxSpriteRatio:0.1         ; only a maximum of 10% of scattered bokeh]]
[2022.04.19-08.54.28:377][  0]LogConfig: Setting CVar [[r.DOF.Recombine.Quality:1                ; cheap slight out of focus]]
[2022.04.19-08.54.28:377][  0]LogConfig: Setting CVar [[r.DOF.Recombine.EnableBokehSettings:0    ; no bokeh simulation on slight out of focus]]
[2022.04.19-08.54.28:377][  0]LogConfig: Setting CVar [[r.DOF.TemporalAAQuality:1                ; more stable temporal accumulation]]
[2022.04.19-08.54.28:377][  0]LogConfig: Setting CVar [[r.DOF.Kernel.MaxForegroundRadius:0.025]]
[2022.04.19-08.54.28:377][  0]LogConfig: Setting CVar [[r.DOF.Kernel.MaxBackgroundRadius:0.025]]
[2022.04.19-08.54.28:377][  0]LogConfig: Applying CVar settings from Section [TextureQuality@3] File [C:/GameJams/DAE/GameJam19-04/PigeonGame/Saved/Config/Windows/Scalability.ini]
[2022.04.19-08.54.28:377][  0]LogConfig: Setting CVar [[r.Streaming.MipBias:0]]
[2022.04.19-08.54.28:377][  0]LogConfig: Setting CVar [[r.Streaming.AmortizeCPUToGPUCopy:0]]
[2022.04.19-08.54.28:377][  0]LogConfig: Setting CVar [[r.Streaming.MaxNumTexturesToStreamPerFrame:0]]
[2022.04.19-08.54.28:377][  0]LogConfig: Setting CVar [[r.Streaming.Boost:1]]
[2022.04.19-08.54.28:377][  0]LogConfig: Setting CVar [[r.MaxAnisotropy:8]]
[2022.04.19-08.54.28:377][  0]LogConfig: Setting CVar [[r.VT.MaxAnisotropy:8]]
[2022.04.19-08.54.28:377][  0]LogConfig: Setting CVar [[r.Streaming.LimitPoolSizeToVRAM:0]]
[2022.04.19-08.54.28:377][  0]LogConfig: Setting CVar [[r.Streaming.PoolSize:1000]]
[2022.04.19-08.54.28:377][  0]LogConfig: Setting CVar [[r.Streaming.MaxEffectiveScreenSize:0]]
[2022.04.19-08.54.28:377][  0]LogConfig: Applying CVar settings from Section [EffectsQuality@3] File [C:/GameJams/DAE/GameJam19-04/PigeonGame/Saved/Config/Windows/Scalability.ini]
[2022.04.19-08.54.28:377][  0]LogConfig: Setting CVar [[r.TranslucencyLightingVolumeDim:64]]
[2022.04.19-08.54.28:377][  0]LogConfig: Setting CVar [[r.RefractionQuality:2]]
[2022.04.19-08.54.28:377][  0]LogConfig: Setting CVar [[r.SSR.Quality:3]]
[2022.04.19-08.54.28:377][  0]LogConfig: Setting CVar [[r.SSR.HalfResSceneColor:0]]
[2022.04.19-08.54.28:377][  0]LogConfig: Setting CVar [[r.SceneColorFormat:4]]
[2022.04.19-08.54.28:377][  0]LogConfig: Setting CVar [[r.DetailMode:2]]
[2022.04.19-08.54.28:377][  0]LogConfig: Setting CVar [[r.TranslucencyVolumeBlur:1]]
[2022.04.19-08.54.28:377][  0]LogConfig: Setting CVar [[r.MaterialQualityLevel:1 ; High quality]]
[2022.04.19-08.54.28:377][  0]LogConfig: Setting CVar [[r.AnisotropicMaterials:1]]
[2022.04.19-08.54.28:377][  0]LogConfig: Setting CVar [[r.SSS.Scale:1]]
[2022.04.19-08.54.28:377][  0]LogConfig: Setting CVar [[r.SSS.SampleSet:2]]
[2022.04.19-08.54.28:377][  0]LogConfig: Setting CVar [[r.SSS.Quality:1]]
[2022.04.19-08.54.28:377][  0]LogConfig: Setting CVar [[r.SSS.HalfRes:0]]
[2022.04.19-08.54.28:377][  0]LogConfig: Setting CVar [[r.SSGI.Quality:3]]
[2022.04.19-08.54.28:377][  0]LogConfig: Setting CVar [[r.EmitterSpawnRateScale:1.0]]
[2022.04.19-08.54.28:377][  0]LogConfig: Setting CVar [[r.ParticleLightQuality:2]]
[2022.04.19-08.54.28:377][  0]LogConfig: Setting CVar [[r.SkyAtmosphere.AerialPerspectiveLUT.FastApplyOnOpaque:1 ; Always have FastSkyLUT 1 in this case to avoid wrong sky]]
[2022.04.19-08.54.28:377][  0]LogConfig: Setting CVar [[r.SkyAtmosphere.AerialPerspectiveLUT.SampleCountMaxPerSlice:4]]
[2022.04.19-08.54.28:377][  0]LogConfig: Setting CVar [[r.SkyAtmosphere.AerialPerspectiveLUT.DepthResolution:16.0]]
[2022.04.19-08.54.28:377][  0]LogConfig: Setting CVar [[r.SkyAtmosphere.FastSkyLUT:1]]
[2022.04.19-08.54.28:377][  0]LogConfig: Setting CVar [[r.SkyAtmosphere.FastSkyLUT.SampleCountMin:4.0]]
[2022.04.19-08.54.28:377][  0]LogConfig: Setting CVar [[r.SkyAtmosphere.FastSkyLUT.SampleCountMax:128.0]]
[2022.04.19-08.54.28:377][  0]LogConfig: Setting CVar [[r.SkyAtmosphere.SampleCountMin:4.0]]
[2022.04.19-08.54.28:377][  0]LogConfig: Setting CVar [[r.SkyAtmosphere.SampleCountMax:128.0]]
[2022.04.19-08.54.28:377][  0]LogConfig: Setting CVar [[r.SkyAtmosphere.TransmittanceLUT.UseSmallFormat:0]]
[2022.04.19-08.54.28:377][  0]LogConfig: Setting CVar [[r.SkyAtmosphere.TransmittanceLUT.SampleCount:10.0]]
[2022.04.19-08.54.28:377][  0]LogConfig: Setting CVar [[r.SkyAtmosphere.MultiScatteringLUT.SampleCount:15.0]]
[2022.04.19-08.54.28:377][  0]LogConfig: Setting CVar [[r.SkyLight.RealTimeReflectionCapture:1]]
[2022.04.19-08.54.28:377][  0]LogConfig: Applying CVar settings from Section [FoliageQuality@3] File [C:/GameJams/DAE/GameJam19-04/PigeonGame/Saved/Config/Windows/Scalability.ini]
[2022.04.19-08.54.28:377][  0]LogConfig: Setting CVar [[foliage.DensityScale:1.0]]
[2022.04.19-08.54.28:377][  0]LogConfig: Setting CVar [[grass.DensityScale:1.0]]
[2022.04.19-08.54.28:377][  0]LogConfig: Applying CVar settings from Section [ShadingQuality@3] File [C:/GameJams/DAE/GameJam19-04/PigeonGame/Saved/Config/Windows/Scalability.ini]
[2022.04.19-08.54.28:377][  0]LogConfig: Setting CVar [[r.HairStrands.SkyLighting.IntegrationType:2]]
[2022.04.19-08.54.28:377][  0]LogConfig: Setting CVar [[r.HairStrands.SkyAO.SampleCount:4]]
[2022.04.19-08.54.28:377][  0]LogConfig: Setting CVar [[r.HairStrands.Visibility.MSAA.SamplePerPixel:4]]
[2022.04.19-08.54.28:377][  0]LogConfig: Applying CVar settings from Section [Startup] File [../../../Engine/Config/ConsoleVariables.ini]
[2022.04.19-08.54.28:377][  0]LogConfig: Setting CVar [[net.UseAdaptiveNetUpdateFrequency:0]]
[2022.04.19-08.54.28:377][  0]LogConfig: Setting CVar [[p.chaos.AllowCreatePhysxBodies:1]]
[2022.04.19-08.54.28:377][  0]LogConfig: Setting CVar [[fx.SkipVectorVMBackendOptimizations:1]]
[2022.04.19-08.54.28:377][  0]LogConfig: Applying CVar settings from Section [ConsoleVariables] File [C:/GameJams/DAE/GameJam19-04/PigeonGame/Saved/Config/Windows/Engine.ini]
[2022.04.19-08.54.28:377][  0]LogConfig: Applying CVar settings from Section [ConsoleVariables] File [C:/GameJams/DAE/GameJam19-04/PigeonGame/Saved/Config/Windows/Editor.ini]
[2022.04.19-08.54.28:377][  0]LogInit: Computer: DESKTOP-HADS23P
[2022.04.19-08.54.28:377][  0]LogInit: User: Gautjekski
[2022.04.19-08.54.28:377][  0]LogInit: CPU Page size=4096, Cores=8
[2022.04.19-08.54.28:377][  0]LogInit: High frequency timer resolution =10.000000 MHz
[2022.04.19-08.54.28:377][  0]LogMemory: Memory total: Physical=15.4GB (16GB approx)
[2022.04.19-08.54.28:378][  0]LogMemory: Platform Memory Stats for Windows
[2022.04.19-08.54.28:378][  0]LogMemory: Process Physical Memory: 150.80 MB used, 150.80 MB peak
[2022.04.19-08.54.28:378][  0]LogMemory: Process Virtual Memory: 133.31 MB used, 133.31 MB peak
[2022.04.19-08.54.28:378][  0]LogMemory: Physical Memory: 11984.42 MB used,  3746.82 MB free, 15731.24 MB total
[2022.04.19-08.54.28:378][  0]LogMemory: Virtual Memory: 134204968.00 MB used,  12758.37 MB free, 134217728.00 MB total
[2022.04.19-08.54.28:382][  0]LogWindows: WindowsPlatformFeatures enabled
[2022.04.19-08.54.28:422][  0]LogInit: Physics initialised using underlying interface: PhysX
[2022.04.19-08.54.28:423][  0]LogInit: Using OS detected language (en-US).
[2022.04.19-08.54.28:423][  0]LogInit: Using OS detected locale (en-BE).
[2022.04.19-08.54.28:425][  0]LogTextLocalizationManager: No specific localization for 'en-US' exists, so the 'en' localization will be used.
[2022.04.19-08.54.28:606][  0]LogInit: Setting process to per monitor DPI aware
[2022.04.19-08.54.28:619][  0]LogWindowsTextInputMethodSystem: Display: IME system deactivated.
[2022.04.19-08.54.28:631][  0]LogSlate: New Slate User Created.  User Index 0, Is Virtual User: 0
[2022.04.19-08.54.28:631][  0]LogSlate: Slate User Registered.  User Index 0, Is Virtual User: 0
[2022.04.19-08.54.28:740][  0]LogD3D11RHI: Loaded GFSDK_Aftermath_Lib.x64.dll
[2022.04.19-08.54.28:755][  0]LogHMD: Failed to initialize OpenVR with code 100
[2022.04.19-08.54.28:756][  0]LogD3D11RHI: D3D11 min allowed feature level: 11_0
[2022.04.19-08.54.28:756][  0]LogD3D11RHI: D3D11 max allowed feature level: 11_0
[2022.04.19-08.54.28:756][  0]LogD3D11RHI: D3D11 adapters:
[2022.04.19-08.54.28:869][  0]LogD3D11RHI:    0. 'NVIDIA GeForce RTX 2060' (Feature Level 11_0)
[2022.04.19-08.54.28:869][  0]LogD3D11RHI:       5980/0/7865 MB DedicatedVideo/DedicatedSystem/SharedSystem, Outputs:1, VendorId:0x10de
[2022.04.19-08.54.28:895][  0]LogD3D11RHI:    1. 'AMD Radeon(TM) Graphics' (Feature Level 11_0)
[2022.04.19-08.54.28:895][  0]LogD3D11RHI:       496/0/7865 MB DedicatedVideo/DedicatedSystem/SharedSystem, Outputs:0, VendorId:0x1002
[2022.04.19-08.54.28:898][  0]LogD3D11RHI:    2. 'Microsoft Basic Render Driver' (Feature Level 11_0)
[2022.04.19-08.54.28:898][  0]LogD3D11RHI:       0/0/7865 MB DedicatedVideo/DedicatedSystem/SharedSystem, Outputs:0, VendorId:0x1414
[2022.04.19-08.54.28:898][  0]LogD3D11RHI: Chosen D3D11 Adapter:
[2022.04.19-08.54.28:898][  0]LogD3D11RHI:     Description : NVIDIA GeForce RTX 2060
[2022.04.19-08.54.28:898][  0]LogD3D11RHI:     VendorId    : 10de
[2022.04.19-08.54.28:898][  0]LogD3D11RHI:     DeviceId    : 1f15
[2022.04.19-08.54.28:898][  0]LogD3D11RHI:     SubSysId    : 8787103c
[2022.04.19-08.54.28:898][  0]LogD3D11RHI:     Revision    : 00a1
[2022.04.19-08.54.28:898][  0]LogD3D11RHI:     DedicatedVideoMemory : 6270484480 bytes
[2022.04.19-08.54.28:898][  0]LogD3D11RHI:     DedicatedSystemMemory : 0 bytes
[2022.04.19-08.54.28:898][  0]LogD3D11RHI:     SharedSystemMemory : 8247699456 bytes
[2022.04.19-08.54.28:898][  0]LogD3D11RHI:     AdapterLuid : 0 85710
[2022.04.19-08.54.28:906][  0]LogD3D11RHI: Creating new Direct3DDevice
[2022.04.19-08.54.28:906][  0]LogD3D11RHI:     GPU DeviceId: 0x1f15 (for the marketing name, search the web for "GPU Device Id")
[2022.04.19-08.54.28:906][  0]LogWindows: EnumDisplayDevices:
[2022.04.19-08.54.28:906][  0]LogWindows:    0. 'AMD Radeon(TM) Graphics' (P:1 D:1)
[2022.04.19-08.54.28:907][  0]LogWindows:    1. 'AMD Radeon(TM) Graphics' (P:0 D:0)
[2022.04.19-08.54.28:907][  0]LogWindows:    2. 'AMD Radeon(TM) Graphics' (P:0 D:0)
[2022.04.19-08.54.28:907][  0]LogWindows:    3. 'NVIDIA GeForce RTX 2060' (P:0 D:0)
[2022.04.19-08.54.28:907][  0]LogWindows:    4. 'NVIDIA GeForce RTX 2060' (P:0 D:0)
[2022.04.19-08.54.28:907][  0]LogWindows:    5. 'NVIDIA GeForce RTX 2060' (P:0 D:0)
[2022.04.19-08.54.28:908][  0]LogWindows:    6. 'NVIDIA GeForce RTX 2060' (P:0 D:0)
[2022.04.19-08.54.28:908][  0]LogWindows: DebugString: PrimaryIsNotTheChoosenAdapter PrimaryIsNotTheChoosenAdapter PrimaryIsNotTheChoosenAdapter FoundDriverCount:4 
[2022.04.19-08.54.28:908][  0]LogD3D11RHI:     Adapter Name: NVIDIA GeForce RTX 2060
[2022.04.19-08.54.28:908][  0]LogD3D11RHI:   Driver Version: 497.33 (internal:30.0.14.9733, unified:497.33)
[2022.04.19-08.54.28:908][  0]LogD3D11RHI:      Driver Date: 12-16-2021
[2022.04.19-08.54.28:908][  0]LogRHI: Texture pool is 4186 MB (70% of 5980 MB)
[2022.04.19-08.54.28:908][  0]LogD3D11RHI: Creating D3DDevice using adapter:
[2022.04.19-08.54.28:908][  0]LogD3D11RHI:     Description : NVIDIA GeForce RTX 2060
[2022.04.19-08.54.28:908][  0]LogD3D11RHI:     VendorId    : 10de
[2022.04.19-08.54.28:908][  0]LogD3D11RHI:     DeviceId    : 1f15
[2022.04.19-08.54.28:908][  0]LogD3D11RHI:     SubSysId    : 8787103c
[2022.04.19-08.54.28:908][  0]LogD3D11RHI:     Revision    : 00a1
[2022.04.19-08.54.28:908][  0]LogD3D11RHI:     DedicatedVideoMemory : 6270484480 bytes
[2022.04.19-08.54.28:908][  0]LogD3D11RHI:     DedicatedSystemMemory : 0 bytes
[2022.04.19-08.54.28:908][  0]LogD3D11RHI:     SharedSystemMemory : 8247699456 bytes
[2022.04.19-08.54.28:908][  0]LogD3D11RHI:     AdapterLuid : 0 85710
[2022.04.19-08.54.28:972][  0]LogD3D11RHI: RHI has support for 64 bit atomics
[2022.04.19-08.54.28:972][  0]LogD3D11RHI: Async texture creation enabled
[2022.04.19-08.54.28:972][  0]LogD3D11RHI: Array index from any shader is supported
[2022.04.19-08.54.28:988][  0]LogD3D11RHI: GPU Timing Frequency: 1000.000000 (Debug: 2 1)
[2022.04.19-08.54.29:002][  0]LogRHI: GeForceNow SDK initialized: 1
[2022.04.19-08.54.29:266][  0]LogTargetPlatformManager: Display: Loaded TargetPlatform 'AllDesktop'
[2022.04.19-08.54.29:287][  0]LogTargetPlatformManager: Display: Loaded TargetPlatform 'Android'
[2022.04.19-08.54.29:287][  0]LogTargetPlatformManager: Display: Loaded TargetPlatform 'Android_ASTC'
[2022.04.19-08.54.29:287][  0]LogTargetPlatformManager: Display: Loaded TargetPlatform 'Android_DXT'
[2022.04.19-08.54.29:287][  0]LogTargetPlatformManager: Display: Loaded TargetPlatform 'Android_ETC2'
[2022.04.19-08.54.29:287][  0]LogTargetPlatformManager: Display: Loaded TargetPlatform 'AndroidClient'
[2022.04.19-08.54.29:287][  0]LogTargetPlatformManager: Display: Loaded TargetPlatform 'Android_ASTCClient'
[2022.04.19-08.54.29:287][  0]LogTargetPlatformManager: Display: Loaded TargetPlatform 'Android_DXTClient'
[2022.04.19-08.54.29:287][  0]LogTargetPlatformManager: Display: Loaded TargetPlatform 'Android_ETC2Client'
[2022.04.19-08.54.29:287][  0]LogTargetPlatformManager: Display: Loaded TargetPlatform 'Android_Multi'
[2022.04.19-08.54.29:287][  0]LogTargetPlatformManager: Display: Loaded TargetPlatform 'Android_MultiClient'
[2022.04.19-08.54.29:304][  0]LogTargetPlatformManager: Display: Loaded TargetPlatform 'IOSClient'
[2022.04.19-08.54.29:304][  0]LogTargetPlatformManager: Display: Loaded TargetPlatform 'IOS'
[2022.04.19-08.54.29:313][  0]LogTargetPlatformManager: Display: Loaded TargetPlatform 'Linux'
[2022.04.19-08.54.29:317][  0]LogTargetPlatformManager: Display: Loaded TargetPlatform 'LinuxNoEditor'
[2022.04.19-08.54.29:321][  0]LogTargetPlatformManager: Display: Loaded TargetPlatform 'LinuxClient'
[2022.04.19-08.54.29:325][  0]LogTargetPlatformManager: Display: Loaded TargetPlatform 'LinuxServer'
[2022.04.19-08.54.29:334][  0]LogTargetPlatformManager: Display: Loaded TargetPlatform 'LinuxAArch64NoEditor'
[2022.04.19-08.54.29:338][  0]LogTargetPlatformManager: Display: Loaded TargetPlatform 'LinuxAArch64Client'
[2022.04.19-08.54.29:342][  0]LogTargetPlatformManager: Display: Loaded TargetPlatform 'LinuxAArch64Server'
[2022.04.19-08.54.29:363][  0]LogTargetPlatformManager: Display: Loaded TargetPlatform 'Lumin'
[2022.04.19-08.54.29:363][  0]LogTargetPlatformManager: Display: Loaded TargetPlatform 'LuminClient'
[2022.04.19-08.54.29:371][  0]LogTargetPlatformManager: Display: Loaded TargetPlatform 'MacNoEditor'
[2022.04.19-08.54.29:375][  0]LogTargetPlatformManager: Display: Loaded TargetPlatform 'Mac'
[2022.04.19-08.54.29:379][  0]LogTargetPlatformManager: Display: Loaded TargetPlatform 'MacClient'
[2022.04.19-08.54.29:384][  0]LogTargetPlatformManager: Display: Loaded TargetPlatform 'MacServer'
[2022.04.19-08.54.29:392][  0]LogTargetPlatformManager: Display: Loaded TargetPlatform 'TVOSClient'
[2022.04.19-08.54.29:392][  0]LogTargetPlatformManager: Display: Loaded TargetPlatform 'TVOS'
[2022.04.19-08.54.29:400][  0]LogTargetPlatformManager: Display: Loaded TargetPlatform 'WindowsNoEditor'
[2022.04.19-08.54.29:404][  0]LogTargetPlatformManager: Display: Loaded TargetPlatform 'Windows'
[2022.04.19-08.54.29:408][  0]LogTargetPlatformManager: Display: Loaded TargetPlatform 'WindowsClient'
[2022.04.19-08.54.29:412][  0]LogTargetPlatformManager: Display: Loaded TargetPlatform 'WindowsServer'
[2022.04.19-08.54.29:413][  0]LogTargetPlatformManager: Display: Building Assets For Windows
[2022.04.19-08.54.29:420][  0]LogAudioDebug: Display: Lib vorbis DLL was dynamically loaded.
[2022.04.19-08.54.29:450][  0]LogTextureFormatOodle: Display: Oodle Texture 2.9.0 init RDO Off
[2022.04.19-08.54.29:481][  0]LogRendererCore: Ray tracing is disabled. Reason: r.RayTracing=0.
[2022.04.19-08.54.29:481][  0]LogShaderCompilers: Guid format shader working directory is 2 characters bigger than the processId version (../../../../GameJams/DAE/GameJam19-04/PigeonGame/Intermediate/Shaders/WorkingDirectory/21252/).
[2022.04.19-08.54.29:481][  0]LogShaderCompilers: Cleaned the shader compiler working directory 'C:/Users/Gautjekski/AppData/Local/Temp/UnrealShaderWorkingDir/96846BDF44925243717F979A283F806E/'.
[2022.04.19-08.54.29:481][  0]LogXGEController: Cannot use XGE Controller as Incredibuild is not installed on this machine.
[2022.04.19-08.54.29:481][  0]LogShaderCompilers: Cannot use XGE Shader Compiler as Incredibuild is not installed on this machine.
[2022.04.19-08.54.29:481][  0]LogShaderCompilers: Display: Using Local Shader Compiler.
[2022.04.19-08.54.30:081][  0]LogDerivedDataCache: Display: Max Cache Size: 512 MB
[2022.04.19-08.54.30:137][  0]LogDerivedDataCache: Loaded boot cache 0.06s 94MB C:/Users/Gautjekski/AppData/Local/UnrealEngine/4.27/DerivedDataCache/Boot.ddc.
[2022.04.19-08.54.30:137][  0]LogDerivedDataCache: Display: Loaded Boot cache: C:/Users/Gautjekski/AppData/Local/UnrealEngine/4.27/DerivedDataCache/Boot.ddc
[2022.04.19-08.54.30:137][  0]LogDerivedDataCache: FDerivedDataBackendGraph:  Pak pak cache file ../../../../GameJams/DAE/GameJam19-04/PigeonGame/DerivedDataCache/DDC.ddp not found, will not use a pak cache.
[2022.04.19-08.54.30:137][  0]LogDerivedDataCache: Unable to find inner node Pak for hierarchical cache Hierarchy.
[2022.04.19-08.54.30:137][  0]LogDerivedDataCache: FDerivedDataBackendGraph:  CompressedPak pak cache file ../../../../GameJams/DAE/GameJam19-04/PigeonGame/DerivedDataCache/Compressed.ddp not found, will not use a pak cache.
[2022.04.19-08.54.30:137][  0]LogDerivedDataCache: Unable to find inner node CompressedPak for hierarchical cache Hierarchy.
[2022.04.19-08.54.30:154][  0]LogDerivedDataCache: Display: Pak cache opened for reading ../../../Engine/DerivedDataCache/Compressed.ddp.
[2022.04.19-08.54.30:154][  0]LogDerivedDataCache: FDerivedDataBackendGraph:  EnterprisePak pak cache file ../../../Enterprise/DerivedDataCache/Compressed.ddp not found, will not use a pak cache.
[2022.04.19-08.54.30:154][  0]LogDerivedDataCache: Unable to find inner node EnterprisePak for hierarchical cache Hierarchy.
[2022.04.19-08.54.30:160][  0]LogDerivedDataCache: Speed tests for C:/Users/Gautjekski/AppData/Local/UnrealEngine/Common/DerivedDataCache took 0.01 seconds
[2022.04.19-08.54.30:160][  0]LogDerivedDataCache: Display: Performance to C:/Users/Gautjekski/AppData/Local/UnrealEngine/Common/DerivedDataCache: Latency=0.03ms. RandomReadSpeed=1487.74MBs, RandomWriteSpeed=194.61MBs. Assigned SpeedClass 'Local'
[2022.04.19-08.54.30:161][  0]LogDerivedDataCache: Using Local data cache path C:/Users/Gautjekski/AppData/Local/UnrealEngine/Common/DerivedDataCache: Writable
[2022.04.19-08.54.30:161][  0]LogDerivedDataCache: Shared data cache path not found in *engine.ini, will not use an Shared cache.
[2022.04.19-08.54.30:161][  0]LogDerivedDataCache: Unable to find inner node Shared for hierarchical cache Hierarchy.
[2022.04.19-08.54.30:201][  0]LogSlate: Using FreeType 2.10.0
[2022.04.19-08.54.30:202][  0]LogSlate: SlateFontServices - WITH_FREETYPE: 1, WITH_HARFBUZZ: 1
[2022.04.19-08.54.30:221][  0]LogAssetRegistry: FAssetRegistry took 0.0024 seconds to start up
[2022.04.19-08.54.30:437][  0]LogInit: Selected Device Profile: [Windows]
[2022.04.19-08.54.30:437][  0]LogInit: Active device profile: [0000020A937F4C00][0000020A92821700 49] Windows
[2022.04.19-08.54.30:438][  0]LogInit: Profiles: [0000020A937F4C00][0000020A92821700 49] Windows, [0000020A937B5D00][0000020A9282F880 49] WindowsNoEditor, [0000020A937F5A00][0000020A92833A00 49] WindowsServer, [0000020A937B6A00][0000020A941DFB80 49] WindowsClient, [0000020A937F6600][0000020A941E2180 49] IOS, [0000020A937B7F00][0000020A941E6300 49] iPadAir, [0000020A937F4A00][0000020A941EA480 49] iPadAir2, [0000020A9376CE00][0000020A941F46C0 49] IPadPro, [0000020A9376CF00][0000020A92824700 49] iPadAir3, [0000020A937B5E00][0000020A92DC0840 49] iPadAir4, [0000020A9376F400][0000020A92DC4980 49] iPadMini2, [0000020A937B6D00][0000020A92DCCB00 49] iPadMini3, [0000020A9376FA00][0000020A92DD0C80 49] iPadMini4, [0000020A937B6E00][0000020A92DD4E00 49] iPadMini5, [0000020A93774800][0000020A92DDD0C0 49] iPhone6, [0000020A93774900][0000020A92DD9100 49] iPodTouch6, [0000020A937F7000][0000020A92DE53C0 49] iPhone7, [0000020A937F7100][0000020A92DE1400 49] iPodTouch7, [0000020A9376F000][0000020A92DE9580 49] iPhone5S, [0000020A9376C600][0000020A92DED700 49] iPhone6Plus, [0000020A93776800][0000020A9296D880 49] iPhone6S, [0000020A9376D600][0000020A92971A00 49] iPhone6SPlus, [0000020A93776600][0000020A92975B80 49] iPhone7Plus, [0000020A9376C800][0000020A92978180 49] iPhoneSE, [0000020A93776500][0000020A9297C300 49] iPhone8, [0000020A9376D800][0000020A92980480 49] iPhone8Plus, [0000020A937F6A00][0000020A92984600 49] iPhoneX, [0000020A9376EA00][0000020A92DC8740 49] iPhoneXS, [0000020A937F6D00][0000020A92988880 49] iPhoneXSMax, [0000020A9376CD00][0000020A9298C9C0 49] iPhoneXR, [0000020A937F4200][0000020A92990B00 49] iPhone11, [0000020A9376E400][0000020A92998C80 49] iPhone11Pro, [0000020A937F5100][0000020A9299CE00 49] iPhone11ProMax, [0000020A9376C100][0000020A929A0F80 49] iPhoneSE2, [0000020A937F5600][0000020A92AB7100 49] iPhone12Mini, [0000020A9376CA00][0000020A92ABB280 49] iPhone12, [0000020A937F5500][0000020A92ABF400 49] iPhone12Pro, [0000020A9376D100][0000020A92AC3580 49] iPhone12ProMax, [0000020A937F5D00][0000020A92AC7700 49] iPadPro105, [0000020A9376D500][0000020A92ACB880 49] iPadPro129, [0000020A937F4600][0000020A92ACFA00 49] iPadPro97, [0000020A9376C700][0000020A92AD3B80 49] iPadPro2_129, [0000020A937F7E00][0000020A92AD6180 49] iPad5, [0000020A9376DF00][0000020A92ADA300 49] iPad6, [0000020A937F4800][0000020A92ADE480 49] iPad7, [0000020A9376F700][0000020A92AE2600 49] iPad8, [0000020A937F6400][0000020A92AE6780 49] iPadPro11, [0000020A9376C300][0000020A92AEA900 49] iPadPro2_11, [0000020A937F4E00][0000020A92994A40 49] iPadPro3_129, [0000020A9376FD00][0000020A92AEEB80 49] iPadPro4_129, [0000020A937F7600][0000020A92AF2CC0 49] AppleTV, [0000020A9376E000][0000020A92AFAE40 49] AppleTV4K, [0000020A937F6500][0000020A92AFEFC0 49] TVOS, [0000020A9376FB00][0000020A92B03140 49] Mac, [0000020A937F6000][0000020A92B072C0 49] MacClient, [0000020A9376FC00][0000020A92B0B440 49] MacNoEditor, [0000020A937F4100][0000020A92B0F5C0 49] MacServer, [0000020A9376D200][0000020A92B13740 49] Linux, [0000020A937F7B00][0000020A92B178C0 49] LinuxAArch64, [0000020A9376C200][0000020A92B1BA40 49] LinuxNoEditor, [0000020A937F5B00][0000020A92B1FBC0 49] LinuxAArch64NoEditor, [0000020A9376DA00][0000020A92B221C0 49] LinuxClient, [0000020A937F5700][0000020A92B26340 49] LinuxAArch64Client, [0000020A9376D000][0000020A92B2A4C0 49] LinuxServer, [0000020A937F7900][0000020A92B2E640 49] LinuxAArch64Server, [0000020A9376DD00][0000020AF24667C0 49] Android, [0000020A937F5000][0000020AF246A940 49] Android_Low, [0000020A9376D900][0000020AF246EAC0 49] Android_Mid, [0000020A937F7800][0000020A92AF6C00 49] Android_High, [0000020A9376E600][0000020AF2472D40 49] Android_Default, [0000020A937F5200][0000020AF2476E80 49] Android_Adreno4xx, [0000020A9376EE00][0000020AF247AFC0 49] Android_Adreno5xx_Low, [0000020A937F4300][0000020AF2483140 49] Android_Adreno5xx, [0000020A93777800][0000020AF24872C0 49] Android_Adreno6xx, [0000020A937B7200][0000020AF248B440 49] Android_Adreno6xx_Vulkan, [0000020A93775000][0000020AF248F5C0 49] Android_Mali_T6xx, [0000020A937B6900][0000020AF2493740 49] Android_Mali_T7xx, [0000020A93775400][0000020A942118C0 49] Android_Mali_T8xx, [0000020A937B5500][0000020A94215A40 49] Android_Mali_G71, [0000020A93774E00][0000020A94219BC0 49] Android_Mali_G72, [0000020A937B7400][0000020A9421C1C0 49] Android_Mali_G72_Vulkan, [0000020A93774400][0000020A94220340 49] Android_Mali_G76, [0000020A937B7800][0000020A942244C0 49] Android_Mali_G76_Vulkan, [0000020A93777400][0000020A94228640 49] Android_Mali_G77, [0000020A937B6400][0000020A9422C7C0 49] Android_Mali_G77_Vulkan, [0000020A93774B00][0000020A94230940 49] Android_Mali_G78, [0000020A937B6F00][0000020A94234AC0 49] Android_Mali_G78_Vulkan, [0000020A93777900][0000020A94238C40 49] Android_Mali_G710, [0000020A937B7E00][0000020AF247ED80 49] Android_Mali_G710_Vulkan, [0000020A93774F00][0000020A9423CEC0 49] Android_Vulkan_SM5, [0000020A937B7900][0000020A94241000 49] Android_PowerVR_G6xxx, [0000020A93775500][0000020A94245140 49] Android_PowerVR_GT7xxx, [0000020A937B4100][0000020A9424D2C0 49] Android_PowerVR_GE8xxx, [0000020A93776B00][0000020A94251440 49] Android_PowerVR_GM9xxx, [0000020A937B4D00][0000020A942555C0 49] Android_PowerVR_GM9xxx_Vulkan, [0000020A93774100][0000020A94259740 49] Android_TegraK1, [0000020A937B6100][0000020A9425D8C0 49] Android_Unknown_Vulkan, [0000020A93775100][0000020A94261A40 49] Lumin, [0000020A937B4300][0000020A94265BC0 49] Lumin_Desktop, [0000020A93775300][0000020A942681C0 49] HoloLens, 
[2022.04.19-08.54.30:548][  0]LogMeshReduction: Using QuadricMeshReduction for automatic static mesh reduction
[2022.04.19-08.54.30:548][  0]LogMeshReduction: Using SimplygonMeshReduction for automatic skeletal mesh reduction
[2022.04.19-08.54.30:548][  0]LogMeshReduction: Using ProxyLODMeshReduction for automatic mesh merging
[2022.04.19-08.54.30:548][  0]LogMeshReduction: No distributed automatic mesh merging module available
[2022.04.19-08.54.30:548][  0]LogMeshMerging: No distributed automatic mesh merging module available
[2022.04.19-08.54.30:562][  0]LogNetVersion: PigeonGame 1.0.0, NetCL: 17155196, EngineNetVer: 17, GameNetVer: 0 (Checksum: 2471146444)
[2022.04.19-08.54.30:901][  0]LogTexture: Default maximum texture size for cubemaps generated from long-lat sources has been changed from 512 to unlimited. In order to preserve old behaiour for '/Engine/MapTemplates/Sky/DaylightAmbientCubemap.DaylightAmbientCubemap', its maximum texture size has been explicitly set to 512.
[2022.04.19-08.54.30:953][  0]LogHMD: PokeAHoleMaterial loaded successfully
[2022.04.19-08.54.30:959][  0]LogUObjectArray: 17178 objects as part of root set at end of initial load.
[2022.04.19-08.54.30:959][  0]LogUObjectAllocator: 4302048 out of 0 bytes used by permanent object pool.
[2022.04.19-08.54.30:959][  0]LogUObjectArray: CloseDisregardForGC: 0/0 objects in disregard for GC pool
[2022.04.19-08.54.31:190][  0]LogNiagaraDebuggerClient: Niagara Debugger Client Initialized | Session: F61DE91D4C808A105CB178AD51F0D99E | Instance: 6F8CF6644BE821CC74CBA5A8F2369C3A (DESKTOP-HADS23P-21252).
[2022.04.19-08.54.31:221][  0]LogTcpMessaging: Initializing TcpMessaging bridge
[2022.04.19-08.54.31:235][  0]LogUdpMessaging: Initializing bridge on interface 0.0.0.0:0 to multicast group 230.0.0.1:6666.
[2022.04.19-08.54.31:356][  0]LogPython: Using Python 3.7.7
[2022.04.19-08.54.31:937][  0]SourceControl: Source control is disabled
[2022.04.19-08.54.31:937][  0]SourceControl: Source control is disabled
[2022.04.19-08.54.31:948][  0]SourceControl: Source control is disabled
[2022.04.19-08.54.31:953][  0]LogUProjectInfo: Found projects:
[2022.04.19-08.54.31:972][  0]SourceControl: Source control is disabled
[2022.04.19-08.54.31:981][  0]SourceControl: Source control is disabled
[2022.04.19-08.54.32:045][  0]LogAndroidPermission: UAndroidPermissionCallbackProxy::GetInstance
[2022.04.19-08.54.32:059][  0]LogAudioCaptureCore: Display: No Audio Capture implementations found. Audio input will be silent.
[2022.04.19-08.54.32:059][  0]LogAudioCaptureCore: Display: No Audio Capture implementations found. Audio input will be silent.
[2022.04.19-08.54.32:226][  0]LogOpenImageDenoise: OIDN starting up
[2022.04.19-08.54.32:307][  0]LogCollectionManager: Loaded 0 collections in 0.001608 seconds
[2022.04.19-08.54.32:331][  0]LogFileCache: Scanning file cache for directory 'C:/GameJams/DAE/GameJam19-04/PigeonGame/Saved/Collections/' took 0.00s
[2022.04.19-08.54.32:331][  0]LogFileCache: Scanning file cache for directory 'C:/GameJams/DAE/GameJam19-04/PigeonGame/Content/Developers/Gautjekski/Collections/' took 0.00s
[2022.04.19-08.54.32:331][  0]LogFileCache: Scanning file cache for directory 'C:/GameJams/DAE/GameJam19-04/PigeonGame/Content/Collections/' took 0.00s
[2022.04.19-08.54.32:331][  0]LogOcInput: OculusInput pre-init called
[2022.04.19-08.54.32:528][  0]LogEngine: Initializing Engine...
[2022.04.19-08.54.32:556][  0]LogHMD: Optional extension XR_VARJO_quad_views is not available
[2022.04.19-08.54.32:556][  0]LogHMD: Warning: Required extension XR_EXT_eye_gaze_interaction is not available
[2022.04.19-08.54.32:556][  0]LogHMD: Could not enable all required OpenXR extensions for OpenXREyeTracker on current system. This plugin will be loaded but ignored, but will be enabled on a target platform that supports the required extension.
[2022.04.19-08.54.33:058][  0]LogHMD: Failed to get an OpenXR system, result is XR_ERROR_FORM_FACTOR_UNAVAILABLE. Please check that your runtime supports VR headsets.
[2022.04.19-08.54.33:058][  0]LogHMD: Failed to initialize OpenVR with code 100
[2022.04.19-08.54.33:058][  0]LogMagicLeap: Warning: VR disabled because ZI is not enabled.  To enable, in the editor, Edit -> Project Settings -> Plugins -> Magic Leap Plugin -> Enable Zero Iteration
[2022.04.19-08.54.33:059][  0]LogStats: UGameplayTagsManager::InitializeManager -  0.000 s
[2022.04.19-08.54.33:164][  0]LogInit: Initializing FReadOnlyCVARCache
[2022.04.19-08.54.33:172][  0]LogAIModule: Creating AISystem for world Untitled
[2022.04.19-08.54.33:183][  0]LogAudio: Display: Initializing Audio Device Manager...
[2022.04.19-08.54.33:186][  0]LogAudio: Display: Loading Default Audio Settings Objects...
[2022.04.19-08.54.33:187][  0]LogAudio: Display: No default SoundConcurrencyObject specified (or failed to load).
[2022.04.19-08.54.33:187][  0]LogAudio: Display: Audio Device Manager Initialized
[2022.04.19-08.54.33:187][  0]LogAudio: Display: Creating Audio Device:                 Id: 1, Scope: Shared, Realtime: True
[2022.04.19-08.54.33:187][  0]LogAudioMixer: Display: Audio Mixer Platform Settings:
[2022.04.19-08.54.33:187][  0]LogAudioMixer: Display: 	Sample Rate:						  48000
[2022.04.19-08.54.33:187][  0]LogAudioMixer: Display: 	Callback Buffer Frame Size Requested: 1024
[2022.04.19-08.54.33:187][  0]LogAudioMixer: Display: 	Callback Buffer Frame Size To Use:	  1024
[2022.04.19-08.54.33:187][  0]LogAudioMixer: Display: 	Number of buffers to queue:			  2
[2022.04.19-08.54.33:187][  0]LogAudioMixer: Display: 	Max Channels (voices):				  32
[2022.04.19-08.54.33:187][  0]LogAudioMixer: Display: 	Number of Async Source Workers:		  0
[2022.04.19-08.54.33:187][  0]LogAudio: Display: AudioDevice MaxSources: 32
[2022.04.19-08.54.33:187][  0]LogAudio: Display: Audio Spatialization Plugin: None (built-in).
[2022.04.19-08.54.33:187][  0]LogAudio: Display: Audio Reverb Plugin: None (built-in).
[2022.04.19-08.54.33:187][  0]LogAudio: Display: Audio Occlusion Plugin: None (built-in).
[2022.04.19-08.54.33:187][  0]LogAudioMixer: Display: Initializing audio mixer.
[2022.04.19-08.54.33:200][  0]LogAudioMixer: Display: 0: FrontLeft
[2022.04.19-08.54.33:200][  0]LogAudioMixer: Display: 1: FrontRight
[2022.04.19-08.54.33:397][  0]LogAudioMixer: Display: Using Audio Device Speaker (Realtek(R) Audio)
[2022.04.19-08.54.33:398][  0]LogAudioMixer: Display: Initializing Sound Submixes...
[2022.04.19-08.54.33:400][  0]LogAudioMixer: Display: Creating Master Submix 'MasterSubmixDefault'
[2022.04.19-08.54.33:400][  0]LogAudioMixer: Display: Creating Master Submix 'MasterReverbSubmixDefault'
[2022.04.19-08.54.33:401][  0]LogAudioMixer: Display: Creating Master Submix 'MasterEQSubmixDefault'
[2022.04.19-08.54.33:401][  0]LogAudioMixer: FMixerPlatformXAudio2::StartAudioStream() called
[2022.04.19-08.54.33:401][  0]LogAudioMixer: Display: Output buffers initialized: Frames=1024, Channels=2, Samples=2048
[2022.04.19-08.54.33:402][  0]LogAudioMixer: Display: Starting AudioMixerPlatformInterface::RunInternal()
[2022.04.19-08.54.33:402][  0]LogAudioMixer: Display: FMixerPlatformXAudio2::SubmitBuffer() called for the first time
[2022.04.19-08.54.33:402][  0]LogInit: FAudioDevice initialized.
[2022.04.19-08.54.33:402][  0]LogAudio: Display: Audio Device (ID: 1) registered with world 'Untitled'.
[2022.04.19-08.54.33:402][  0]LogNetVersion: Set ProjectVersion to 1.0.0.0. Version Checksum will be recalculated on next use.
[2022.04.19-08.54.33:463][  0]LogDerivedDataCache: Saved boot cache 0.06s 94MB C:/Users/Gautjekski/AppData/Local/UnrealEngine/4.27/DerivedDataCache/Boot.ddc.
[2022.04.19-08.54.33:464][  0]LogInit: Texture streaming: Enabled
[2022.04.19-08.54.33:475][  0]LogAnalytics: Display: [UEEditor.Rocket.Release] APIServer = https://datarouter.ol.epicgames.com/. AppVersion = 4.27.2-18319896+++UE4+Release-4.27
[2022.04.19-08.54.33:480][  0]LogEngineSessionManager: EngineSessionManager initialized
[2022.04.19-08.54.33:480][  0]LogEditorSessionSummary: Verbose: Initializing EditorSessionSummaryWriter for editor session tracking
[2022.04.19-08.54.33:481][  0]LogEditorSessionSummary: EditorSessionSummaryWriter initialized
[2022.04.19-08.54.33:497][  0]LogInit: Transaction tracking system initialized
[2022.04.19-08.54.33:515][  0]BlueprintLog: New page: Editor Load
[2022.04.19-08.54.33:581][  0]LocalizationService: Localization service is disabled
[2022.04.19-08.54.33:600][  0]TimingProfiler: Initialize
[2022.04.19-08.54.33:600][  0]TimingProfiler: OnSessionChanged
[2022.04.19-08.54.33:600][  0]LoadingProfiler: Initialize
[2022.04.19-08.54.33:601][  0]LoadingProfiler: OnSessionChanged
[2022.04.19-08.54.33:601][  0]NetworkingProfiler: Initialize
[2022.04.19-08.54.33:601][  0]NetworkingProfiler: OnSessionChanged
[2022.04.19-08.54.33:601][  0]MemoryProfiler: Initialize
[2022.04.19-08.54.33:601][  0]MemoryProfiler: OnSessionChanged
[2022.04.19-08.54.33:750][  0]LogCook: Display: CookSettings for Memory: MemoryMaxUsedVirtual 0MiB, MemoryMaxUsedPhysical 16384MiB, MemoryMinFreeVirtual 0MiB, MemoryMinFreePhysical 1024MiB
[2022.04.19-08.54.33:750][  0]LogCook: Display: Mobile HDR setting 1
[2022.04.19-08.54.33:919][  0]LogFileCache: Scanning file cache for directory 'C:/GameJams/DAE/GameJam19-04/PigeonGame/Content/' took 0.00s
[2022.04.19-08.54.34:065][  0]LogInit: Display: Engine is initialized. Leaving FEngineLoop::Init()
[2022.04.19-08.54.34:068][  0]SourceControl: Source control is disabled
[2022.04.19-08.54.34:068][  0]LogUnrealEdMisc: Loading editor; pre map load, took 7.174
[2022.04.19-08.54.34:068][  0]Cmd: MAP LOAD FILE="../../../Engine/Content/Maps/Templates/Template_Default.umap" TEMPLATE=1 SHOWPROGRESS=1 FEATURELEVEL=3
[2022.04.19-08.54.34:069][  0]LightingResults: New page: Lighting Build
[2022.04.19-08.54.34:070][  0]LogWorld: UWorld::CleanupWorld for Untitled, bSessionEnded=true, bCleanupResources=true
[2022.04.19-08.54.34:070][  0]LogSlate: InvalidateAllWidgets triggered.  All widgets were invalidated
[2022.04.19-08.54.34:070][  0]MapCheck: New page: Map Check
[2022.04.19-08.54.34:070][  0]LightingResults: New page: Lighting Build
[2022.04.19-08.54.34:073][  0]LogAudio: Display: Audio Device unregistered from world 'None'.
[2022.04.19-08.54.34:076][  0]LogUObjectHash: Compacting FUObjectHashTables data took   0.80ms
[2022.04.19-08.54.34:122][  0]LogTexture: Display: Building textures: DeprecatedTextureEB9CBE3C423008B5E8E130901E171C89 (BGRA8, 128X128)
[2022.04.19-08.54.34:130][  0]LogAudio: Display: Audio Device (ID: 1) registered with world 'Untitled_1'.
[2022.04.19-08.54.34:131][  0]LogAIModule: Creating AISystem for world Untitled_1
[2022.04.19-08.54.34:134][  0]LogEditorServer: Finished looking for orphan Actors (0.000 secs)
[2022.04.19-08.54.34:148][  0]LogUObjectHash: Compacting FUObjectHashTables data took   0.91ms
[2022.04.19-08.54.34:148][  0]Cmd: MAP CHECKDEP NOCLEARLOG
[2022.04.19-08.54.34:148][  0]MapCheck: Map check complete: 0 Error(s), 0 Warning(s), took 0,184ms to complete.
[2022.04.19-08.54.34:148][  0]LogFileHelpers: Loading map 'Template_Default' took 0.080
[2022.04.19-08.54.34:150][  0]LogUnrealEdMisc: Total Editor Startup Time, took 7.255
[2022.04.19-08.54.34:251][  0]LogSlate: Updating window title bar state: overlay mode, drag disabled, window buttons hidden, title bar hidden
[2022.04.19-08.54.34:256][  0]LogSlate: Updating window title bar state: overlay mode, drag disabled, window buttons hidden, title bar hidden
[2022.04.19-08.54.34:261][  0]LogSlate: Updating window title bar state: overlay mode, drag disabled, window buttons hidden, title bar hidden
[2022.04.19-08.54.34:266][  0]LogSlate: Updating window title bar state: overlay mode, drag disabled, window buttons hidden, title bar hidden
[2022.04.19-08.54.34:328][  0]LogNativeClassHierarchy: Verbose: Native class hierarchy populated in 0.0092 seconds. Added 3822 classes and 928 folders.
[2022.04.19-08.54.34:330][  0]LogNativeClassHierarchy: Verbose: Native class hierarchy updated for 'WidgetCarousel' in 0.0003 seconds. Added 0 classes and 0 folders.
[2022.04.19-08.54.34:331][  0]LogPakFile: PakFile PrimaryIndexSize=187
[2022.04.19-08.54.34:331][  0]LogPakFile: PakFile PathHashIndexSize=101
[2022.04.19-08.54.34:331][  0]LogPakFile: PakFile FullDirectoryIndexSize=148
[2022.04.19-08.54.34:331][  0]LogShaderLibrary: Display: ShaderCodeLibraryPakFileMountedCallback: PakFile 'C:/UE_4.27/FeaturePacks/FP_FirstPerson.upack' (chunk index -1, root 'root:/') mounted
[2022.04.19-08.54.34:331][  0]LogShaderLibrary: Display: ShaderCodeLibraryPakFileMountedCallback: pending pak file info (ChunkID:-1 Root:root:/ File:C:/UE_4.27/FeaturePacks/FP_FirstPerson.upack)
[2022.04.19-08.54.34:331][  0]LogPakFile: OnPakFileMounted2Time == 0.000045
[2022.04.19-08.54.34:332][  0]LogPakFile: PakFile PrimaryIndexSize=189
[2022.04.19-08.54.34:332][  0]LogPakFile: PakFile PathHashIndexSize=101
[2022.04.19-08.54.34:332][  0]LogPakFile: PakFile FullDirectoryIndexSize=152
[2022.04.19-08.54.34:332][  0]LogShaderLibrary: Display: ShaderCodeLibraryPakFileMountedCallback: PakFile 'C:/UE_4.27/FeaturePacks/FP_FirstPersonBP.upack' (chunk index -1, root 'root:/') mounted
[2022.04.19-08.54.34:332][  0]LogShaderLibrary: Display: ShaderCodeLibraryPakFileMountedCallback: pending pak file info (ChunkID:-1 Root:root:/ File:C:/UE_4.27/FeaturePacks/FP_FirstPersonBP.upack)
[2022.04.19-08.54.34:332][  0]LogPakFile: OnPakFileMounted2Time == 0.000030
[2022.04.19-08.54.34:332][  0]LogPakFile: PakFile PrimaryIndexSize=191
[2022.04.19-08.54.34:332][  0]LogPakFile: PakFile PathHashIndexSize=101
[2022.04.19-08.54.34:332][  0]LogPakFile: PakFile FullDirectoryIndexSize=160
[2022.04.19-08.54.34:332][  0]LogShaderLibrary: Display: ShaderCodeLibraryPakFileMountedCallback: PakFile 'C:/UE_4.27/FeaturePacks/MobileStarterContent.upack' (chunk index -1, root 'root:/') mounted
[2022.04.19-08.54.34:332][  0]LogShaderLibrary: Display: ShaderCodeLibraryPakFileMountedCallback: pending pak file info (ChunkID:-1 Root:root:/ File:C:/UE_4.27/FeaturePacks/MobileStarterContent.upack)
[2022.04.19-08.54.34:332][  0]LogPakFile: OnPakFileMounted2Time == 0.000027
[2022.04.19-08.54.34:332][  0]LogPakFile: PakFile PrimaryIndexSize=185
[2022.04.19-08.54.34:332][  0]LogPakFile: PakFile PathHashIndexSize=101
[2022.04.19-08.54.34:332][  0]LogPakFile: PakFile FullDirectoryIndexSize=148
[2022.04.19-08.54.34:332][  0]LogShaderLibrary: Display: ShaderCodeLibraryPakFileMountedCallback: PakFile 'C:/UE_4.27/FeaturePacks/StarterContent.upack' (chunk index -1, root 'root:/') mounted
[2022.04.19-08.54.34:332][  0]LogShaderLibrary: Display: ShaderCodeLibraryPakFileMountedCallback: pending pak file info (ChunkID:-1 Root:root:/ File:C:/UE_4.27/FeaturePacks/StarterContent.upack)
[2022.04.19-08.54.34:332][  0]LogPakFile: OnPakFileMounted2Time == 0.000028
[2022.04.19-08.54.34:333][  0]LogPakFile: PakFile PrimaryIndexSize=190
[2022.04.19-08.54.34:333][  0]LogPakFile: PakFile PathHashIndexSize=101
[2022.04.19-08.54.34:333][  0]LogPakFile: PakFile FullDirectoryIndexSize=154
[2022.04.19-08.54.34:333][  0]LogShaderLibrary: Display: ShaderCodeLibraryPakFileMountedCallback: PakFile 'C:/UE_4.27/FeaturePacks/TP_2DSideScroller.upack' (chunk index -1, root 'root:/') mounted
[2022.04.19-08.54.34:333][  0]LogShaderLibrary: Display: ShaderCodeLibraryPakFileMountedCallback: pending pak file info (ChunkID:-1 Root:root:/ File:C:/UE_4.27/FeaturePacks/TP_2DSideScroller.upack)
[2022.04.19-08.54.34:333][  0]LogPakFile: OnPakFileMounted2Time == 0.000027
[2022.04.19-08.54.34:333][  0]LogPakFile: PakFile PrimaryIndexSize=192
[2022.04.19-08.54.34:333][  0]LogPakFile: PakFile PathHashIndexSize=101
[2022.04.19-08.54.34:333][  0]LogPakFile: PakFile FullDirectoryIndexSize=158
[2022.04.19-08.54.34:333][  0]LogShaderLibrary: Display: ShaderCodeLibraryPakFileMountedCallback: PakFile 'C:/UE_4.27/FeaturePacks/TP_2DSideScrollerBP.upack' (chunk index -1, root 'root:/') mounted
[2022.04.19-08.54.34:333][  0]LogShaderLibrary: Display: ShaderCodeLibraryPakFileMountedCallback: pending pak file info (ChunkID:-1 Root:root:/ File:C:/UE_4.27/FeaturePacks/TP_2DSideScrollerBP.upack)
[2022.04.19-08.54.34:333][  0]LogPakFile: OnPakFileMounted2Time == 0.000027
[2022.04.19-08.54.34:334][  0]LogPakFile: PakFile PrimaryIndexSize=182
[2022.04.19-08.54.34:334][  0]LogPakFile: PakFile PathHashIndexSize=101
[2022.04.19-08.54.34:334][  0]LogPakFile: PakFile FullDirectoryIndexSize=138
[2022.04.19-08.54.34:334][  0]LogShaderLibrary: Display: ShaderCodeLibraryPakFileMountedCallback: PakFile 'C:/UE_4.27/FeaturePacks/TP_Flying.upack' (chunk index -1, root 'root:/') mounted
[2022.04.19-08.54.34:334][  0]LogShaderLibrary: Display: ShaderCodeLibraryPakFileMountedCallback: pending pak file info (ChunkID:-1 Root:root:/ File:C:/UE_4.27/FeaturePacks/TP_Flying.upack)
[2022.04.19-08.54.34:334][  0]LogPakFile: OnPakFileMounted2Time == 0.000027
[2022.04.19-08.54.34:334][  0]LogPakFile: PakFile PrimaryIndexSize=184
[2022.04.19-08.54.34:334][  0]LogPakFile: PakFile PathHashIndexSize=101
[2022.04.19-08.54.34:334][  0]LogPakFile: PakFile FullDirectoryIndexSize=142
[2022.04.19-08.54.34:334][  0]LogShaderLibrary: Display: ShaderCodeLibraryPakFileMountedCallback: PakFile 'C:/UE_4.27/FeaturePacks/TP_FlyingBP.upack' (chunk index -1, root 'root:/') mounted
[2022.04.19-08.54.34:334][  0]LogShaderLibrary: Display: ShaderCodeLibraryPakFileMountedCallback: pending pak file info (ChunkID:-1 Root:root:/ File:C:/UE_4.27/FeaturePacks/TP_FlyingBP.upack)
[2022.04.19-08.54.34:334][  0]LogPakFile: OnPakFileMounted2Time == 0.000027
[2022.04.19-08.54.34:334][  0]LogPakFile: PakFile PrimaryIndexSize=188
[2022.04.19-08.54.34:334][  0]LogPakFile: PakFile PathHashIndexSize=101
[2022.04.19-08.54.34:334][  0]LogPakFile: PakFile FullDirectoryIndexSize=150
[2022.04.19-08.54.34:334][  0]LogShaderLibrary: Display: ShaderCodeLibraryPakFileMountedCallback: PakFile 'C:/UE_4.27/FeaturePacks/TP_HandheldARBP.upack' (chunk index -1, root 'root:/') mounted
[2022.04.19-08.54.34:335][  0]LogShaderLibrary: Display: ShaderCodeLibraryPakFileMountedCallback: pending pak file info (ChunkID:-1 Root:root:/ File:C:/UE_4.27/FeaturePacks/TP_HandheldARBP.upack)
[2022.04.19-08.54.34:335][  0]LogPakFile: OnPakFileMounted2Time == 0.000028
[2022.04.19-08.54.34:335][  0]LogPakFile: PakFile PrimaryIndexSize=182
[2022.04.19-08.54.34:335][  0]LogPakFile: PakFile PathHashIndexSize=101
[2022.04.19-08.54.34:335][  0]LogPakFile: PakFile FullDirectoryIndexSize=138
[2022.04.19-08.54.34:335][  0]LogShaderLibrary: Display: ShaderCodeLibraryPakFileMountedCallback: PakFile 'C:/UE_4.27/FeaturePacks/TP_Puzzle.upack' (chunk index -1, root 'root:/') mounted
[2022.04.19-08.54.34:335][  0]LogShaderLibrary: Display: ShaderCodeLibraryPakFileMountedCallback: pending pak file info (ChunkID:-1 Root:root:/ File:C:/UE_4.27/FeaturePacks/TP_Puzzle.upack)
[2022.04.19-08.54.34:335][  0]LogPakFile: OnPakFileMounted2Time == 0.000033
[2022.04.19-08.54.34:336][  0]LogPakFile: PakFile PrimaryIndexSize=184
[2022.04.19-08.54.34:336][  0]LogPakFile: PakFile PathHashIndexSize=101
[2022.04.19-08.54.34:336][  0]LogPakFile: PakFile FullDirectoryIndexSize=142
[2022.04.19-08.54.34:336][  0]LogShaderLibrary: Display: ShaderCodeLibraryPakFileMountedCallback: PakFile 'C:/UE_4.27/FeaturePacks/TP_PuzzleBP.upack' (chunk index -1, root 'root:/') mounted
[2022.04.19-08.54.34:336][  0]LogShaderLibrary: Display: ShaderCodeLibraryPakFileMountedCallback: pending pak file info (ChunkID:-1 Root:root:/ File:C:/UE_4.27/FeaturePacks/TP_PuzzleBP.upack)
[2022.04.19-08.54.34:336][  0]LogPakFile: OnPakFileMounted2Time == 0.000027
[2022.04.19-08.54.34:336][  0]LogPakFile: PakFile PrimaryIndexSize=183
[2022.04.19-08.54.34:336][  0]LogPakFile: PakFile PathHashIndexSize=101
[2022.04.19-08.54.34:336][  0]LogPakFile: PakFile FullDirectoryIndexSize=140
[2022.04.19-08.54.34:336][  0]LogShaderLibrary: Display: ShaderCodeLibraryPakFileMountedCallback: PakFile 'C:/UE_4.27/FeaturePacks/TP_Rolling.upack' (chunk index -1, root 'root:/') mounted
[2022.04.19-08.54.34:336][  0]LogShaderLibrary: Display: ShaderCodeLibraryPakFileMountedCallback: pending pak file info (ChunkID:-1 Root:root:/ File:C:/UE_4.27/FeaturePacks/TP_Rolling.upack)
[2022.04.19-08.54.34:336][  0]LogPakFile: OnPakFileMounted2Time == 0.000027
[2022.04.19-08.54.34:336][  0]LogPakFile: PakFile PrimaryIndexSize=185
[2022.04.19-08.54.34:337][  0]LogPakFile: PakFile PathHashIndexSize=101
[2022.04.19-08.54.34:337][  0]LogPakFile: PakFile FullDirectoryIndexSize=144
[2022.04.19-08.54.34:337][  0]LogShaderLibrary: Display: ShaderCodeLibraryPakFileMountedCallback: PakFile 'C:/UE_4.27/FeaturePacks/TP_RollingBP.upack' (chunk index -1, root 'root:/') mounted
[2022.04.19-08.54.34:337][  0]LogShaderLibrary: Display: ShaderCodeLibraryPakFileMountedCallback: pending pak file info (ChunkID:-1 Root:root:/ File:C:/UE_4.27/FeaturePacks/TP_RollingBP.upack)
[2022.04.19-08.54.34:337][  0]LogPakFile: OnPakFileMounted2Time == 0.000028
[2022.04.19-08.54.34:337][  0]LogPakFile: PakFile PrimaryIndexSize=188
[2022.04.19-08.54.34:337][  0]LogPakFile: PakFile PathHashIndexSize=101
[2022.04.19-08.54.34:337][  0]LogPakFile: PakFile FullDirectoryIndexSize=150
[2022.04.19-08.54.34:337][  0]LogShaderLibrary: Display: ShaderCodeLibraryPakFileMountedCallback: PakFile 'C:/UE_4.27/FeaturePacks/TP_SideScroller.upack' (chunk index -1, root 'root:/') mounted
[2022.04.19-08.54.34:337][  0]LogShaderLibrary: Display: ShaderCodeLibraryPakFileMountedCallback: pending pak file info (ChunkID:-1 Root:root:/ File:C:/UE_4.27/FeaturePacks/TP_SideScroller.upack)
[2022.04.19-08.54.34:337][  0]LogPakFile: OnPakFileMounted2Time == 0.000029
[2022.04.19-08.54.34:337][  0]LogPakFile: PakFile PrimaryIndexSize=190
[2022.04.19-08.54.34:337][  0]LogPakFile: PakFile PathHashIndexSize=101
[2022.04.19-08.54.34:337][  0]LogPakFile: PakFile FullDirectoryIndexSize=154
[2022.04.19-08.54.34:337][  0]LogShaderLibrary: Display: ShaderCodeLibraryPakFileMountedCallback: PakFile 'C:/UE_4.27/FeaturePacks/TP_SideScrollerBP.upack' (chunk index -1, root 'root:/') mounted
[2022.04.19-08.54.34:337][  0]LogShaderLibrary: Display: ShaderCodeLibraryPakFileMountedCallback: pending pak file info (ChunkID:-1 Root:root:/ File:C:/UE_4.27/FeaturePacks/TP_SideScrollerBP.upack)
[2022.04.19-08.54.34:337][  0]LogPakFile: OnPakFileMounted2Time == 0.000026
[2022.04.19-08.54.34:338][  0]LogPakFile: PakFile PrimaryIndexSize=187
[2022.04.19-08.54.34:338][  0]LogPakFile: PakFile PathHashIndexSize=101
[2022.04.19-08.54.34:338][  0]LogPakFile: PakFile FullDirectoryIndexSize=148
[2022.04.19-08.54.34:338][  0]LogShaderLibrary: Display: ShaderCodeLibraryPakFileMountedCallback: PakFile 'C:/UE_4.27/FeaturePacks/TP_ThirdPerson.upack' (chunk index -1, root 'root:/') mounted
[2022.04.19-08.54.34:338][  0]LogShaderLibrary: Display: ShaderCodeLibraryPakFileMountedCallback: pending pak file info (ChunkID:-1 Root:root:/ File:C:/UE_4.27/FeaturePacks/TP_ThirdPerson.upack)
[2022.04.19-08.54.34:338][  0]LogPakFile: OnPakFileMounted2Time == 0.000027
[2022.04.19-08.54.34:338][  0]LogPakFile: PakFile PrimaryIndexSize=189
[2022.04.19-08.54.34:338][  0]LogPakFile: PakFile PathHashIndexSize=101
[2022.04.19-08.54.34:338][  0]LogPakFile: PakFile FullDirectoryIndexSize=152
[2022.04.19-08.54.34:338][  0]LogShaderLibrary: Display: ShaderCodeLibraryPakFileMountedCallback: PakFile 'C:/UE_4.27/FeaturePacks/TP_ThirdPersonBP.upack' (chunk index -1, root 'root:/') mounted
[2022.04.19-08.54.34:338][  0]LogShaderLibrary: Display: ShaderCodeLibraryPakFileMountedCallback: pending pak file info (ChunkID:-1 Root:root:/ File:C:/UE_4.27/FeaturePacks/TP_ThirdPersonBP.upack)
[2022.04.19-08.54.34:338][  0]LogPakFile: OnPakFileMounted2Time == 0.000026
[2022.04.19-08.54.34:339][  0]LogPakFile: PakFile PrimaryIndexSize=183
[2022.04.19-08.54.34:339][  0]LogPakFile: PakFile PathHashIndexSize=101
[2022.04.19-08.54.34:339][  0]LogPakFile: PakFile FullDirectoryIndexSize=140
[2022.04.19-08.54.34:339][  0]LogShaderLibrary: Display: ShaderCodeLibraryPakFileMountedCallback: PakFile 'C:/UE_4.27/FeaturePacks/TP_TopDown.upack' (chunk index -1, root 'root:/') mounted
[2022.04.19-08.54.34:339][  0]LogShaderLibrary: Display: ShaderCodeLibraryPakFileMountedCallback: pending pak file info (ChunkID:-1 Root:root:/ File:C:/UE_4.27/FeaturePacks/TP_TopDown.upack)
[2022.04.19-08.54.34:339][  0]LogPakFile: OnPakFileMounted2Time == 0.000032
[2022.04.19-08.54.34:339][  0]LogPakFile: PakFile PrimaryIndexSize=185
[2022.04.19-08.54.34:339][  0]LogPakFile: PakFile PathHashIndexSize=101
[2022.04.19-08.54.34:339][  0]LogPakFile: PakFile FullDirectoryIndexSize=144
[2022.04.19-08.54.34:339][  0]LogShaderLibrary: Display: ShaderCodeLibraryPakFileMountedCallback: PakFile 'C:/UE_4.27/FeaturePacks/TP_TopDownBP.upack' (chunk index -1, root 'root:/') mounted
[2022.04.19-08.54.34:339][  0]LogShaderLibrary: Display: ShaderCodeLibraryPakFileMountedCallback: pending pak file info (ChunkID:-1 Root:root:/ File:C:/UE_4.27/FeaturePacks/TP_TopDownBP.upack)
[2022.04.19-08.54.34:339][  0]LogPakFile: OnPakFileMounted2Time == 0.000026
[2022.04.19-08.54.34:339][  0]LogPakFile: PakFile PrimaryIndexSize=185
[2022.04.19-08.54.34:340][  0]LogPakFile: PakFile PathHashIndexSize=101
[2022.04.19-08.54.34:340][  0]LogPakFile: PakFile FullDirectoryIndexSize=144
[2022.04.19-08.54.34:340][  0]LogShaderLibrary: Display: ShaderCodeLibraryPakFileMountedCallback: PakFile 'C:/UE_4.27/FeaturePacks/TP_TwinStick.upack' (chunk index -1, root 'root:/') mounted
[2022.04.19-08.54.34:340][  0]LogShaderLibrary: Display: ShaderCodeLibraryPakFileMountedCallback: pending pak file info (ChunkID:-1 Root:root:/ File:C:/UE_4.27/FeaturePacks/TP_TwinStick.upack)
[2022.04.19-08.54.34:340][  0]LogPakFile: OnPakFileMounted2Time == 0.000027
[2022.04.19-08.54.34:340][  0]LogPakFile: PakFile PrimaryIndexSize=187
[2022.04.19-08.54.34:340][  0]LogPakFile: PakFile PathHashIndexSize=101
[2022.04.19-08.54.34:340][  0]LogPakFile: PakFile FullDirectoryIndexSize=148
[2022.04.19-08.54.34:340][  0]LogShaderLibrary: Display: ShaderCodeLibraryPakFileMountedCallback: PakFile 'C:/UE_4.27/FeaturePacks/TP_TwinStickBP.upack' (chunk index -1, root 'root:/') mounted
[2022.04.19-08.54.34:340][  0]LogShaderLibrary: Display: ShaderCodeLibraryPakFileMountedCallback: pending pak file info (ChunkID:-1 Root:root:/ File:C:/UE_4.27/FeaturePacks/TP_TwinStickBP.upack)
[2022.04.19-08.54.34:340][  0]LogPakFile: OnPakFileMounted2Time == 0.000026
[2022.04.19-08.54.34:340][  0]LogPakFile: PakFile PrimaryIndexSize=183
[2022.04.19-08.54.34:340][  0]LogPakFile: PakFile PathHashIndexSize=101
[2022.04.19-08.54.34:340][  0]LogPakFile: PakFile FullDirectoryIndexSize=140
[2022.04.19-08.54.34:340][  0]LogShaderLibrary: Display: ShaderCodeLibraryPakFileMountedCallback: PakFile 'C:/UE_4.27/FeaturePacks/TP_Vehicle.upack' (chunk index -1, root 'root:/') mounted
[2022.04.19-08.54.34:340][  0]LogShaderLibrary: Display: ShaderCodeLibraryPakFileMountedCallback: pending pak file info (ChunkID:-1 Root:root:/ File:C:/UE_4.27/FeaturePacks/TP_Vehicle.upack)
[2022.04.19-08.54.34:340][  0]LogPakFile: OnPakFileMounted2Time == 0.000026
[2022.04.19-08.54.34:341][  0]LogPakFile: PakFile PrimaryIndexSize=186
[2022.04.19-08.54.34:341][  0]LogPakFile: PakFile PathHashIndexSize=101
[2022.04.19-08.54.34:341][  0]LogPakFile: PakFile FullDirectoryIndexSize=146
[2022.04.19-08.54.34:341][  0]LogShaderLibrary: Display: ShaderCodeLibraryPakFileMountedCallback: PakFile 'C:/UE_4.27/FeaturePacks/TP_VehicleAdv.upack' (chunk index -1, root 'root:/') mounted
[2022.04.19-08.54.34:341][  0]LogShaderLibrary: Display: ShaderCodeLibraryPakFileMountedCallback: pending pak file info (ChunkID:-1 Root:root:/ File:C:/UE_4.27/FeaturePacks/TP_VehicleAdv.upack)
[2022.04.19-08.54.34:341][  0]LogPakFile: OnPakFileMounted2Time == 0.000027
[2022.04.19-08.54.34:341][  0]LogPakFile: PakFile PrimaryIndexSize=188
[2022.04.19-08.54.34:341][  0]LogPakFile: PakFile PathHashIndexSize=101
[2022.04.19-08.54.34:341][  0]LogPakFile: PakFile FullDirectoryIndexSize=150
[2022.04.19-08.54.34:341][  0]LogShaderLibrary: Display: ShaderCodeLibraryPakFileMountedCallback: PakFile 'C:/UE_4.27/FeaturePacks/TP_VehicleAdvBP.upack' (chunk index -1, root 'root:/') mounted
[2022.04.19-08.54.34:341][  0]LogShaderLibrary: Display: ShaderCodeLibraryPakFileMountedCallback: pending pak file info (ChunkID:-1 Root:root:/ File:C:/UE_4.27/FeaturePacks/TP_VehicleAdvBP.upack)
[2022.04.19-08.54.34:341][  0]LogPakFile: OnPakFileMounted2Time == 0.000026
[2022.04.19-08.54.34:342][  0]LogPakFile: PakFile PrimaryIndexSize=185
[2022.04.19-08.54.34:342][  0]LogPakFile: PakFile PathHashIndexSize=101
[2022.04.19-08.54.34:342][  0]LogPakFile: PakFile FullDirectoryIndexSize=144
[2022.04.19-08.54.34:342][  0]LogShaderLibrary: Display: ShaderCodeLibraryPakFileMountedCallback: PakFile 'C:/UE_4.27/FeaturePacks/TP_VehicleBP.upack' (chunk index -1, root 'root:/') mounted
[2022.04.19-08.54.34:342][  0]LogShaderLibrary: Display: ShaderCodeLibraryPakFileMountedCallback: pending pak file info (ChunkID:-1 Root:root:/ File:C:/UE_4.27/FeaturePacks/TP_VehicleBP.upack)
[2022.04.19-08.54.34:342][  0]LogPakFile: OnPakFileMounted2Time == 0.000030
[2022.04.19-08.54.34:342][  0]LogPakFile: PakFile PrimaryIndexSize=192
[2022.04.19-08.54.34:342][  0]LogPakFile: PakFile PathHashIndexSize=101
[2022.04.19-08.54.34:342][  0]LogPakFile: PakFile FullDirectoryIndexSize=158
[2022.04.19-08.54.34:342][  0]LogShaderLibrary: Display: ShaderCodeLibraryPakFileMountedCallback: PakFile 'C:/UE_4.27/FeaturePacks/TP_VirtualRealityBP.upack' (chunk index -1, root 'root:/') mounted
[2022.04.19-08.54.34:342][  0]LogShaderLibrary: Display: ShaderCodeLibraryPakFileMountedCallback: pending pak file info (ChunkID:-1 Root:root:/ File:C:/UE_4.27/FeaturePacks/TP_VirtualRealityBP.upack)
[2022.04.19-08.54.34:342][  0]LogPakFile: OnPakFileMounted2Time == 0.000027
[2022.04.19-08.54.34:377][  0]LogNativeClassHierarchy: Verbose: Native class hierarchy updated for 'AddContentDialog' in 0.0003 seconds. Added 0 classes and 0 folders.
[2022.04.19-08.54.34:636][  0]LogSlate: Only BGRA pngs, bmps or icos are supported in by External Image Picker
[2022.04.19-08.54.34:726][  0]LogSlate: Took 0.000285 seconds to synchronously load lazily loaded font '../../../Engine/Content/Slate/Fonts/Roboto-Regular.ttf' (155K)
[2022.04.19-08.54.34:728][  0]LogSlate: Took 0.000155 seconds to synchronously load lazily loaded font '../../../Engine/Content/Editor/Slate/Fonts/FontAwesome.ttf' (139K)
[2022.04.19-08.54.34:729][  0]LogSlate: Took 0.000095 seconds to synchronously load lazily loaded font '../../../Engine/Content/Slate/Fonts/Roboto-Bold.ttf' (160K)
[2022.04.19-08.54.34:806][  0]LogRenderer: Reallocating scene render targets to support 1000x704 Format 10 NumSamples 1 (Frame:1).
[2022.04.19-08.54.34:940][  0]LogNativeClassHierarchy: Verbose: Native class hierarchy updated for 'HierarchicalLODOutliner' in 0.0003 seconds. Added 0 classes and 0 folders.
[2022.04.19-08.54.34:941][  0]LogLoad: (Engine Initialization) Total time: 8.05 seconds
[2022.04.19-08.54.34:941][  0]LogLoad: (Engine Initialization) Total Blueprint compile time: 0.00 seconds
[2022.04.19-08.54.34:988][  0]LogAssetRegistry: Asset discovery search completed in 4.7676 seconds
[2022.04.19-08.54.34:993][  0]LogCollectionManager: Fixed up redirectors for 0 collections in 0.000003 seconds (updated 0 objects)
[2022.04.19-08.54.34:994][  0]LogContentStreaming: Texture pool size now 1000 MB
